Configuring aeson-1.3.1.1...
clang: warning: argument unused during compilation: '-nopie' [-Wunused-command-line-argument]
Preprocessing library for aeson-1.3.1.1..
Building library for aeson-1.3.1.1..
[ 1 of 24] Compiling Data.Aeson.Compat ( Data/Aeson/Compat.hs, .stack-work/dist/x86_64-osx/Cabal-2.2.0.1/build/Data/Aeson/Compat.o )
[ 2 of 24] Compiling Data.Aeson.Internal.Functions ( Data/Aeson/Internal/Functions.hs, .stack-work/dist/x86_64-osx/Cabal-2.2.0.1/build/Data/Aeson/Internal/Functions.o )
[ 3 of 24] Compiling Data.Aeson.Parser.UnescapePure ( pure/Data/Aeson/Parser/UnescapePure.hs, .stack-work/dist/x86_64-osx/Cabal-2.2.0.1/build/Data/Aeson/Parser/UnescapePure.o )
[ 4 of 24] Compiling Data.Aeson.Parser.Unescape ( Data/Aeson/Parser/Unescape.hs, .stack-work/dist/x86_64-osx/Cabal-2.2.0.1/build/Data/Aeson/Parser/Unescape.o )
[ 5 of 24] Compiling Data.Aeson.Types.Generic ( Data/Aeson/Types/Generic.hs, .stack-work/dist/x86_64-osx/Cabal-2.2.0.1/build/Data/Aeson/Types/Generic.o )

[;1mData/Aeson/Types/Generic.hs:28:7: [;1m[35mwarning:[0m[0m[;1m [[;1m[35m-Wdodgy-exports[0m[0m[;1m][0m[0m[;1m
    The export item ‘IsRecord(..)’ suggests that
    ‘IsRecord’ has (in-scope) constructors or class methods,
    but it has none[0m[0m
[;1m[34m   |[0m[0m
[;1m[34m28 |[0m[0m       [;1m[35mIsRecord(..)[0m[0m
[;1m[34m   |[0m[0m[;1m[35m       ^^^^^^^^^^^^[0m[0m
[0m[0m[0m[ 6 of 24] Compiling Data.Aeson.Types.Internal ( Data/Aeson/Types/Internal.hs, .stack-work/dist/x86_64-osx/Cabal-2.2.0.1/build/Data/Aeson/Types/Internal.o )
[ 7 of 24] Compiling Data.Aeson.Parser.Internal ( Data/Aeson/Parser/Internal.hs, .stack-work/dist/x86_64-osx/Cabal-2.2.0.1/build/Data/Aeson/Parser/Internal.o )
[ 8 of 24] Compiling Data.Aeson.Parser ( Data/Aeson/Parser.hs, .stack-work/dist/x86_64-osx/Cabal-2.2.0.1/build/Data/Aeson/Parser.o )
[ 9 of 24] Compiling Data.Attoparsec.Time.Internal ( attoparsec-iso8601/Data/Attoparsec/Time/Internal.hs, .stack-work/dist/x86_64-osx/Cabal-2.2.0.1/build/Data/Attoparsec/Time/Internal.o )
[10 of 24] Compiling Data.Attoparsec.Time ( attoparsec-iso8601/Data/Attoparsec/Time.hs, .stack-work/dist/x86_64-osx/Cabal-2.2.0.1/build/Data/Attoparsec/Time.o )
[11 of 24] Compiling Data.Aeson.Parser.Time ( Data/Aeson/Parser/Time.hs, .stack-work/dist/x86_64-osx/Cabal-2.2.0.1/build/Data/Aeson/Parser/Time.o )
[12 of 24] Compiling Data.Aeson.Types.FromJSON ( Data/Aeson/Types/FromJSON.hs, .stack-work/dist/x86_64-osx/Cabal-2.2.0.1/build/Data/Aeson/Types/FromJSON.o )

[;1mData/Aeson/Types/FromJSON.hs:474:3: [;1m[35mwarning:[0m[0m[;1m [[;1m[35m-Winline-rule-shadowing[0m[0m[;1m][0m[0m[;1m
    Rule "FromJSONKeyCoerce: fmap id" may never fire
      because ‘id’ might inline first
    Probable fix: add an INLINE[n] or NOINLINE[n] pragma for ‘id’[0m[0m
[;1m[34m    |[0m[0m
[;1m[34m474 |[0m[0m   [;1m[35m"FromJSONKeyCoerce: fmap id"     forall (x :: FromJSONKeyFunction a).[0m[0m
[;1m[34m    |[0m[0m[;1m[35m   ^^^^^^^^^^^^^^^^^^^^^^^^^^^^^^^^^^^^^^^^^^^^^^^^^^^^^^^^^^^^^^^^^^^^^...[0m[0m
[0m[0m[0m[13 of 24] Compiling Data.Aeson.Internal ( Data/Aeson/Internal.hs, .stack-work/dist/x86_64-osx/Cabal-2.2.0.1/build/Data/Aeson/Internal.o )
[14 of 24] Compiling Data.Aeson.Internal.Time ( Data/Aeson/Internal/Time.hs, .stack-work/dist/x86_64-osx/Cabal-2.2.0.1/build/Data/Aeson/Internal/Time.o )
[15 of 24] Compiling Data.Aeson.Encoding.Builder ( Data/Aeson/Encoding/Builder.hs, .stack-work/dist/x86_64-osx/Cabal-2.2.0.1/build/Data/Aeson/Encoding/Builder.o )
[16 of 24] Compiling Data.Aeson.Encoding.Internal ( Data/Aeson/Encoding/Internal.hs, .stack-work/dist/x86_64-osx/Cabal-2.2.0.1/build/Data/Aeson/Encoding/Internal.o )
[17 of 24] Compiling Data.Aeson.Encoding ( Data/Aeson/Encoding.hs, .stack-work/dist/x86_64-osx/Cabal-2.2.0.1/build/Data/Aeson/Encoding.o )
[18 of 24] Compiling Data.Aeson.Types.ToJSON ( Data/Aeson/Types/ToJSON.hs, .stack-work/dist/x86_64-osx/Cabal-2.2.0.1/build/Data/Aeson/Types/ToJSON.o )

[;1mData/Aeson/Types/ToJSON.hs:69:1: [;1m[35mwarning:[0m[0m[;1m [[;1m[35m-Wdodgy-imports[0m[0m[;1m][0m[0m[;1m
    The import item ‘IsRecord(..)’ suggests that
    ‘IsRecord’ has (in-scope) constructors or class methods,
    but it has none[0m[0m
[;1m[34m   |[0m[0m
[;1m[34m69 |[0m[0m [;1m[35mimport Data.Aeson.Types.Generic (AllNullary, False, IsRecord(..), One, ProductSize, Tagged2(..), True, Zero, productSize)[0m[0m
[;1m[34m   |[0m[0m[;1m[35m ^^^^^^^^^^^^^^^^^^^^^^^^^^^^^^^^^^^^^^^^^^^^^^^^^^^^^^^^^^^^^^^^^^^^^^^^^^^^^^^^^^^^^^^^^^^^^^^^^^^^^^^^^^^^^^^^^^^^^^^^^[0m[0m
[0m[0m[0m[19 of 24] Compiling Data.Aeson.Types.Class ( Data/Aeson/Types/Class.hs, .stack-work/dist/x86_64-osx/Cabal-2.2.0.1/build/Data/Aeson/Types/Class.o )
[20 of 24] Compiling Data.Aeson.Types ( Data/Aeson/Types.hs, .stack-work/dist/x86_64-osx/Cabal-2.2.0.1/build/Data/Aeson/Types.o )
[21 of 24] Compiling Data.Aeson.Text  ( Data/Aeson/Text.hs, .stack-work/dist/x86_64-osx/Cabal-2.2.0.1/build/Data/Aeson/Text.o )
[22 of 24] Compiling Data.Aeson       ( Data/Aeson.hs, .stack-work/dist/x86_64-osx/Cabal-2.2.0.1/build/Data/Aeson.o )
[23 of 24] Compiling Data.Aeson.TH    ( Data/Aeson/TH.hs, .stack-work/dist/x86_64-osx/Cabal-2.2.0.1/build/Data/Aeson/TH.o )
[24 of 24] Compiling Data.Aeson.Encode ( Data/Aeson/Encode.hs, .stack-work/dist/x86_64-osx/Cabal-2.2.0.1/build/Data/Aeson/Encode.o )
Preprocessing library for aeson-1.3.1.1..
Running Haddock on library for aeson-1.3.1.1..

Data/Aeson/Types/Generic.hs:28:7: warning: [-Wdodgy-exports]
    The export item ‘IsRecord(..)’ suggests that
    ‘IsRecord’ has (in-scope) constructors or class methods,
    but it has none
   |
28 |       IsRecord(..)
   |       ^^^^^^^^^^^^

Data/Aeson/Types/ToJSON.hs:69:1: warning: [-Wdodgy-imports]
    The import item ‘IsRecord(..)’ suggests that
    ‘IsRecord’ has (in-scope) constructors or class methods,
    but it has none
   |
69 | import Data.Aeson.Types.Generic (AllNullary, False, IsRecord(..), One, ProductSize, Tagged2(..), True, Zero, productSize)
   | ^^^^^^^^^^^^^^^^^^^^^^^^^^^^^^^^^^^^^^^^^^^^^^^^^^^^^^^^^^^^^^^^^^^^^^^^^^^^^^^^^^^^^^^^^^^^^^^^^^^^^^^^^^^^^^^^^^^^^^^^^
Haddock coverage:
  76% ( 13 / 17) in 'Data.Aeson.Parser.Internal'
  Missing documentation for:
    decodeWith (Data/Aeson/Parser/Internal.hs:255)
    decodeStrictWith (Data/Aeson/Parser/Internal.hs:264)
    eitherDecodeWith (Data/Aeson/Parser/Internal.hs:272)
    eitherDecodeStrictWith (Data/Aeson/Parser/Internal.hs:282)
  75% ( 12 / 16) in 'Data.Aeson.Parser'
  Missing documentation for:
    decodeWith (Data/Aeson/Parser/Internal.hs:255)
    decodeStrictWith (Data/Aeson/Parser/Internal.hs:264)
    eitherDecodeWith (Data/Aeson/Parser/Internal.hs:272)
    eitherDecodeStrictWith (Data/Aeson/Parser/Internal.hs:282)
  88% (  7 /  8) in 'Data.Aeson.Internal'
  Missing documentation for:
    JSONPath (Data/Aeson/Types/Internal.hs:118)
  33% (  2 /  6) in 'Data.Aeson.Internal.Time'
  Missing documentation for:
    fromPico (attoparsec-iso8601/Data/Attoparsec/Time/Internal.hs:34)
    toPico (attoparsec-iso8601/Data/Attoparsec/Time/Internal.hs:31)
    diffTimeOfDay64 (attoparsec-iso8601/Data/Attoparsec/Time/Internal.hs:54)
    toTimeOfDay64 (attoparsec-iso8601/Data/Attoparsec/Time/Internal.hs:60)
  22% ( 17 / 77) in 'Data.Aeson.Encoding.Internal'
  Missing documentation for:
    Module header
    encodingToLazyByteString (Data/Aeson/Encoding/Internal.hs:94)
    retagEncoding (Data/Aeson/Encoding/Internal.hs:98)
    pair (Data/Aeson/Encoding/Internal.hs:126)
    pairStr (Data/Aeson/Encoding/Internal.hs:130)
    pair' (Data/Aeson/Encoding/Internal.hs:134)
    nullEncoding (Data/Aeson/Encoding/Internal.hs:146)
    emptyArray_ (Data/Aeson/Encoding/Internal.hs:149)
    emptyObject_ (Data/Aeson/Encoding/Internal.hs:152)
    wrapObject (Data/Aeson/Encoding/Internal.hs:158)
    wrapArray (Data/Aeson/Encoding/Internal.hs:155)
    null_ (Data/Aeson/Encoding/Internal.hs:161)
    bool (Data/Aeson/Encoding/Internal.hs:164)
    text (Data/Aeson/Encoding/Internal.hs:225)
    lazyText (Data/Aeson/Encoding/Internal.hs:228)
    string (Data/Aeson/Encoding/Internal.hs:233)
    list (Data/Aeson/Encoding/Internal.hs:174)
    empty (Data/Aeson/Encoding/Internal.hs:203)
    >< (Data/Aeson/Encoding/Internal.hs:210)
    econcat (Data/Aeson/Encoding/Internal.hs:206)
    int8 (Data/Aeson/Encoding/Internal.hs:252)
    int16 (Data/Aeson/Encoding/Internal.hs:255)
    int32 (Data/Aeson/Encoding/Internal.hs:258)
    int64 (Data/Aeson/Encoding/Internal.hs:261)
    int (Data/Aeson/Encoding/Internal.hs:264)
    word8 (Data/Aeson/Encoding/Internal.hs:267)
    word16 (Data/Aeson/Encoding/Internal.hs:270)
    word32 (Data/Aeson/Encoding/Internal.hs:273)
    word64 (Data/Aeson/Encoding/Internal.hs:276)
    word (Data/Aeson/Encoding/Internal.hs:279)
    integer (Data/Aeson/Encoding/Internal.hs:282)
    float (Data/Aeson/Encoding/Internal.hs:285)
    double (Data/Aeson/Encoding/Internal.hs:288)
    scientific (Data/Aeson/Encoding/Internal.hs:291)
    int8Text (Data/Aeson/Encoding/Internal.hs:304)
    int16Text (Data/Aeson/Encoding/Internal.hs:307)
    int32Text (Data/Aeson/Encoding/Internal.hs:310)
    int64Text (Data/Aeson/Encoding/Internal.hs:313)
    intText (Data/Aeson/Encoding/Internal.hs:316)
    word8Text (Data/Aeson/Encoding/Internal.hs:319)
    word16Text (Data/Aeson/Encoding/Internal.hs:322)
    word32Text (Data/Aeson/Encoding/Internal.hs:325)
    word64Text (Data/Aeson/Encoding/Internal.hs:328)
    wordText (Data/Aeson/Encoding/Internal.hs:331)
    integerText (Data/Aeson/Encoding/Internal.hs:334)
    floatText (Data/Aeson/Encoding/Internal.hs:337)
    doubleText (Data/Aeson/Encoding/Internal.hs:340)
    scientificText (Data/Aeson/Encoding/Internal.hs:343)
    day (Data/Aeson/Encoding/Internal.hs:350)
    localTime (Data/Aeson/Encoding/Internal.hs:353)
    utcTime (Data/Aeson/Encoding/Internal.hs:356)
    timeOfDay (Data/Aeson/Encoding/Internal.hs:359)
    zonedTime (Data/Aeson/Encoding/Internal.hs:362)
    value (Data/Aeson/Encoding/Internal.hs:369)
    comma (Data/Aeson/Encoding/Internal.hs:240)
    colon (Data/Aeson/Encoding/Internal.hs:240)
    openBracket (Data/Aeson/Encoding/Internal.hs:240)
    closeBracket (Data/Aeson/Encoding/Internal.hs:240)
    openCurly (Data/Aeson/Encoding/Internal.hs:240)
    closeCurly (Data/Aeson/Encoding/Internal.hs:240)
  24% ( 15 / 62) in 'Data.Aeson.Encoding'
  Missing documentation for:
    encodingToLazyByteString (Data/Aeson/Encoding/Internal.hs:94)
    pair (Data/Aeson/Encoding/Internal.hs:126)
    pairStr (Data/Aeson/Encoding/Internal.hs:130)
    pair' (Data/Aeson/Encoding/Internal.hs:134)
    nullEncoding (Data/Aeson/Encoding/Internal.hs:146)
    emptyArray_ (Data/Aeson/Encoding/Internal.hs:149)
    emptyObject_ (Data/Aeson/Encoding/Internal.hs:152)
    text (Data/Aeson/Encoding/Internal.hs:225)
    lazyText (Data/Aeson/Encoding/Internal.hs:228)
    string (Data/Aeson/Encoding/Internal.hs:233)
    list (Data/Aeson/Encoding/Internal.hs:174)
    null_ (Data/Aeson/Encoding/Internal.hs:161)
    bool (Data/Aeson/Encoding/Internal.hs:164)
    int8 (Data/Aeson/Encoding/Internal.hs:252)
    int16 (Data/Aeson/Encoding/Internal.hs:255)
    int32 (Data/Aeson/Encoding/Internal.hs:258)
    int64 (Data/Aeson/Encoding/Internal.hs:261)
    int (Data/Aeson/Encoding/Internal.hs:264)
    word8 (Data/Aeson/Encoding/Internal.hs:267)
    word16 (Data/Aeson/Encoding/Internal.hs:270)
    word32 (Data/Aeson/Encoding/Internal.hs:273)
    word64 (Data/Aeson/Encoding/Internal.hs:276)
    word (Data/Aeson/Encoding/Internal.hs:279)
    integer (Data/Aeson/Encoding/Internal.hs:282)
    float (Data/Aeson/Encoding/Internal.hs:285)
    double (Data/Aeson/Encoding/Internal.hs:288)
    scientific (Data/Aeson/Encoding/Internal.hs:291)
    int8Text (Data/Aeson/Encoding/Internal.hs:304)
    int16Text (Data/Aeson/Encoding/Internal.hs:307)
    int32Text (Data/Aeson/Encoding/Internal.hs:310)
    int64Text (Data/Aeson/Encoding/Internal.hs:313)
    intText (Data/Aeson/Encoding/Internal.hs:316)
    word8Text (Data/Aeson/Encoding/Internal.hs:319)
    word16Text (Data/Aeson/Encoding/Internal.hs:322)
    word32Text (Data/Aeson/Encoding/Internal.hs:325)
    word64Text (Data/Aeson/Encoding/Internal.hs:328)
    wordText (Data/Aeson/Encoding/Internal.hs:331)
    integerText (Data/Aeson/Encoding/Internal.hs:334)
    floatText (Data/Aeson/Encoding/Internal.hs:337)
    doubleText (Data/Aeson/Encoding/Internal.hs:340)
    scientificText (Data/Aeson/Encoding/Internal.hs:343)
    day (Data/Aeson/Encoding/Internal.hs:350)
    localTime (Data/Aeson/Encoding/Internal.hs:353)
    utcTime (Data/Aeson/Encoding/Internal.hs:356)
    timeOfDay (Data/Aeson/Encoding/Internal.hs:359)
    zonedTime (Data/Aeson/Encoding/Internal.hs:362)
    value (Data/Aeson/Encoding/Internal.hs:369)
  97% (101 /104) in 'Data.Aeson.Types'
  Missing documentation for:
    ToJSONKeyFunction (Data/Aeson/Types/ToJSON.hs:462)
    GToJSON (Data/Aeson/Types/Class.hs:104)
    GToEncoding (Data/Aeson/Types/Class.hs:105)
 100% (  3 /  3) in 'Data.Aeson.Text'
Cannot find documentation for: $optionsFields
  97% (106 /109) in 'Data.Aeson'
  Missing documentation for:
    ToJSONKeyFunction (Data/Aeson/Types/ToJSON.hs:462)
    GToJSON (Data/Aeson/Types/Class.hs:104)
    GToEncoding (Data/Aeson/Types/Class.hs:105)
 100% ( 25 / 25) in 'Data.Aeson.TH'
  33% (  1 /  3) in 'Data.Aeson.Encode'
  Missing documentation for:
    encode (Data/Aeson/Encode.hs:24)
    encodeToTextBuilder (Data/Aeson/Encode.hs:28)
Warning: Data.Aeson.Types: could not find link destinations for:
    GToJSON CoerceText AllNullary ParseSum FromProduct ProductSize ConsFromJSON
Warning: Data.Aeson: could not find link destinations for:
    GToJSON CoerceText AllNullary ParseSum FromProduct ProductSize ConsFromJSON
Warning: Data.Aeson.TH: could not find link destinations for:
    Encoding sumToValue StarKindStatus opaqueSumToValue recordSumToValue
Documentation created:
.stack-work/dist/x86_64-osx/Cabal-2.2.0.1/doc/html/aeson/index.html,
.stack-work/dist/x86_64-osx/Cabal-2.2.0.1/doc/html/aeson/aeson.txt
Installing library in /Users/masa/.stack/snapshots/x86_64-osx/lts-12.25/8.4.4/lib/x86_64-osx-ghc-8.4.4/aeson-1.3.1.1-DydbnVT39EP9I9E5w9PKfO
Registering library for aeson-1.3.1.1..
