Configuring aeson-1.4.2.0...
Preprocessing library for aeson-1.4.2.0..
Building library for aeson-1.4.2.0..
[ 1 of 25] Compiling Data.Aeson.Compat ( Data/Aeson/Compat.hs, .stack-work/dist/x86_64-osx/Cabal-2.4.0.1/build/Data/Aeson/Compat.o )
[ 2 of 25] Compiling Data.Aeson.Internal.Functions ( Data/Aeson/Internal/Functions.hs, .stack-work/dist/x86_64-osx/Cabal-2.4.0.1/build/Data/Aeson/Internal/Functions.o )
[ 3 of 25] Compiling Data.Aeson.Parser.UnescapePure ( pure/Data/Aeson/Parser/UnescapePure.hs, .stack-work/dist/x86_64-osx/Cabal-2.4.0.1/build/Data/Aeson/Parser/UnescapePure.o )
[ 4 of 25] Compiling Data.Aeson.Parser.Unescape ( Data/Aeson/Parser/Unescape.hs, .stack-work/dist/x86_64-osx/Cabal-2.4.0.1/build/Data/Aeson/Parser/Unescape.o )
[ 5 of 25] Compiling Data.Aeson.Types.Generic ( Data/Aeson/Types/Generic.hs, .stack-work/dist/x86_64-osx/Cabal-2.4.0.1/build/Data/Aeson/Types/Generic.o )
[ 6 of 25] Compiling Data.Aeson.Types.Internal ( Data/Aeson/Types/Internal.hs, .stack-work/dist/x86_64-osx/Cabal-2.4.0.1/build/Data/Aeson/Types/Internal.o )
[ 7 of 25] Compiling Data.Aeson.Parser.Internal ( Data/Aeson/Parser/Internal.hs, .stack-work/dist/x86_64-osx/Cabal-2.4.0.1/build/Data/Aeson/Parser/Internal.o )
[ 8 of 25] Compiling Data.Aeson.Parser ( Data/Aeson/Parser.hs, .stack-work/dist/x86_64-osx/Cabal-2.4.0.1/build/Data/Aeson/Parser.o )
[ 9 of 25] Compiling Data.Attoparsec.Time.Internal ( attoparsec-iso8601/Data/Attoparsec/Time/Internal.hs, .stack-work/dist/x86_64-osx/Cabal-2.4.0.1/build/Data/Attoparsec/Time/Internal.o )

[;1mattoparsec-iso8601/Data/Attoparsec/Time/Internal.hs:24:1: [;1m[35mwarning:[0m[0m[;1m [[;1m[35m-Wunused-imports[0m[0m[;1m][0m[0m[;1m
    The import of ‘Unsafe.Coerce’ is redundant
      except perhaps to import instances from ‘Unsafe.Coerce’
    To import instances alone, use: import Unsafe.Coerce()[0m[0m
[;1m[34m   |[0m[0m
[;1m[34m24 |[0m[0m [;1m[35mimport Unsafe.Coerce (unsafeCoerce)[0m[0m
[;1m[34m   |[0m[0m[;1m[35m ^^^^^^^^^^^^^^^^^^^^^^^^^^^^^^^^^^^[0m[0m
[0m[0m[0m[10 of 25] Compiling Data.Attoparsec.Time ( attoparsec-iso8601/Data/Attoparsec/Time.hs, .stack-work/dist/x86_64-osx/Cabal-2.4.0.1/build/Data/Attoparsec/Time.o )
[11 of 25] Compiling Data.Aeson.Parser.Time ( Data/Aeson/Parser/Time.hs, .stack-work/dist/x86_64-osx/Cabal-2.4.0.1/build/Data/Aeson/Parser/Time.o )
[12 of 25] Compiling Data.Aeson.Types.FromJSON ( Data/Aeson/Types/FromJSON.hs, .stack-work/dist/x86_64-osx/Cabal-2.4.0.1/build/Data/Aeson/Types/FromJSON.o )

[;1mData/Aeson/Types/FromJSON.hs:479:3: [;1m[35mwarning:[0m[0m[;1m [[;1m[35m-Winline-rule-shadowing[0m[0m[;1m][0m[0m[;1m
    Rule "FromJSONKeyCoerce: fmap id" may never fire
      because ‘id’ might inline first
    Probable fix: add an INLINE[n] or NOINLINE[n] pragma for ‘id’[0m[0m
[;1m[34m    |[0m[0m
[;1m[34m479 |[0m[0m   [;1m[35m"FromJSONKeyCoerce: fmap id"     forall (x :: FromJSONKeyFunction a).[0m[0m
[;1m[34m    |[0m[0m[;1m[35m   ^^^^^^^^^^^^^^^^^^^^^^^^^^^^^^^^^^^^^^^^^^^^^^^^^^^^^^^^^^^^^^^^^^^^^...[0m[0m
[0m[0m[0m[13 of 25] Compiling Data.Aeson.Internal ( Data/Aeson/Internal.hs, .stack-work/dist/x86_64-osx/Cabal-2.4.0.1/build/Data/Aeson/Internal.o )
[14 of 25] Compiling Data.Aeson.Internal.Time ( Data/Aeson/Internal/Time.hs, .stack-work/dist/x86_64-osx/Cabal-2.4.0.1/build/Data/Aeson/Internal/Time.o )
[15 of 25] Compiling Data.Aeson.Encoding.Builder ( Data/Aeson/Encoding/Builder.hs, .stack-work/dist/x86_64-osx/Cabal-2.4.0.1/build/Data/Aeson/Encoding/Builder.o )
[16 of 25] Compiling Data.Aeson.Encoding.Internal ( Data/Aeson/Encoding/Internal.hs, .stack-work/dist/x86_64-osx/Cabal-2.4.0.1/build/Data/Aeson/Encoding/Internal.o )
[17 of 25] Compiling Data.Aeson.Encoding ( Data/Aeson/Encoding.hs, .stack-work/dist/x86_64-osx/Cabal-2.4.0.1/build/Data/Aeson/Encoding.o )
[18 of 25] Compiling Data.Aeson.Types.ToJSON ( Data/Aeson/Types/ToJSON.hs, .stack-work/dist/x86_64-osx/Cabal-2.4.0.1/build/Data/Aeson/Types/ToJSON.o )
[19 of 25] Compiling Data.Aeson.Types.Class ( Data/Aeson/Types/Class.hs, .stack-work/dist/x86_64-osx/Cabal-2.4.0.1/build/Data/Aeson/Types/Class.o )
[20 of 25] Compiling Data.Aeson.Types ( Data/Aeson/Types.hs, .stack-work/dist/x86_64-osx/Cabal-2.4.0.1/build/Data/Aeson/Types.o )
[21 of 25] Compiling Data.Aeson.Text  ( Data/Aeson/Text.hs, .stack-work/dist/x86_64-osx/Cabal-2.4.0.1/build/Data/Aeson/Text.o )
[22 of 25] Compiling Data.Aeson       ( Data/Aeson.hs, .stack-work/dist/x86_64-osx/Cabal-2.4.0.1/build/Data/Aeson.o )
[23 of 25] Compiling Data.Aeson.TH    ( Data/Aeson/TH.hs, .stack-work/dist/x86_64-osx/Cabal-2.4.0.1/build/Data/Aeson/TH.o )
[24 of 25] Compiling Data.Aeson.QQ.Simple ( Data/Aeson/QQ/Simple.hs, .stack-work/dist/x86_64-osx/Cabal-2.4.0.1/build/Data/Aeson/QQ/Simple.o )
[25 of 25] Compiling Data.Aeson.Encode ( Data/Aeson/Encode.hs, .stack-work/dist/x86_64-osx/Cabal-2.4.0.1/build/Data/Aeson/Encode.o )
Preprocessing library for aeson-1.4.2.0..
Running Haddock on library for aeson-1.4.2.0..

attoparsec-iso8601/Data/Attoparsec/Time/Internal.hs:24:1: warning: [-Wunused-imports]
    The import of ‘Unsafe.Coerce’ is redundant
      except perhaps to import instances from ‘Unsafe.Coerce’
    To import instances alone, use: import Unsafe.Coerce()
   |
24 | import Unsafe.Coerce (unsafeCoerce)
   | ^^^^^^^^^^^^^^^^^^^^^^^^^^^^^^^^^^^
Haddock coverage:
Warning: 'ToJSON' is out of scope.
    If you qualify the identifier, haddock can try to link it
    it anyway.
Warning: 'FromJSON' is out of scope.
    If you qualify the identifier, haddock can try to link it
    it anyway.
Warning: 'ToJSON1' is out of scope.
    If you qualify the identifier, haddock can try to link it
    it anyway.
Warning: 'FromJSON1' is out of scope.
    If you qualify the identifier, haddock can try to link it
    it anyway.
Warning: 'Array' is ambiguous. It is defined
    * at Data/Aeson/Types/Internal.hs:345:14
    * at Data/Aeson/Types/Internal.hs:341:1
    You may be able to disambiguate the identifier by qualifying it or
    by hiding some imports.
    Defaulting to 'Array' defined at Data/Aeson/Types/Internal.hs:341:1
Warning: 'Object' is ambiguous. It is defined
    * at Data/Aeson/Types/Internal.hs:344:14
    * at Data/Aeson/Types/Internal.hs:338:1
    You may be able to disambiguate the identifier by qualifying it or
    by hiding some imports.
    Defaulting to 'Object' defined at Data/Aeson/Types/Internal.hs:338:1
Warning: 'API' is out of scope.
    If you qualify the identifier, haddock can try to link it
    it anyway.
  76% ( 13 / 17) in 'Data.Aeson.Parser.Internal'
  Missing documentation for:
    decodeWith (Data/Aeson/Parser/Internal.hs:254)
    decodeStrictWith (Data/Aeson/Parser/Internal.hs:263)
    eitherDecodeWith (Data/Aeson/Parser/Internal.hs:271)
    eitherDecodeStrictWith (Data/Aeson/Parser/Internal.hs:281)
  75% ( 12 / 16) in 'Data.Aeson.Parser'
  Missing documentation for:
    decodeWith (Data/Aeson/Parser/Internal.hs:254)
    decodeStrictWith (Data/Aeson/Parser/Internal.hs:263)
    eitherDecodeWith (Data/Aeson/Parser/Internal.hs:271)
    eitherDecodeStrictWith (Data/Aeson/Parser/Internal.hs:281)
Warning: 'Object' is ambiguous. It is defined
    * at Data/Aeson/Types/Internal.hs:344:14
    * at Data/Aeson/Types/Internal.hs:338:1
    You may be able to disambiguate the identifier by qualifying it or
    by hiding some imports.
    Defaulting to 'Object' defined at Data/Aeson/Types/Internal.hs:338:1
Warning: 'Array' is ambiguous. It is defined
    * at Data/Aeson/Types/Internal.hs:345:14
    * at Data/Aeson/Types/Internal.hs:341:1
    You may be able to disambiguate the identifier by qualifying it or
    by hiding some imports.
    Defaulting to 'Array' defined at Data/Aeson/Types/Internal.hs:341:1
Warning: 'empty' is out of scope.
    If you qualify the identifier, haddock can try to link it
    it anyway.
Warning: 'mzero' is out of scope.
    If you qualify the identifier, haddock can try to link it
    it anyway.
Warning: 'withNumber' is out of scope.
    If you qualify the identifier, haddock can try to link it
    it anyway.
Warning: 'ToJSONKey' is out of scope.
    If you qualify the identifier, haddock can try to link it
    it anyway.
Warning: 'String' is ambiguous. It is defined
    * at Data/Aeson/Types/Internal.hs:346:14
    * in ‘GHC.Base’
    You may be able to disambiguate the identifier by qualifying it or
    by hiding some imports.
    Defaulting to 'String' defined at Data/Aeson/Types/Internal.hs:344:1
Warning: 'ToJSONKeyFunction' is out of scope.
    If you qualify the identifier, haddock can try to link it
    it anyway.
Warning: 'ToJSONKeyValue' is out of scope.
    If you qualify the identifier, haddock can try to link it
    it anyway.
Warning: 'ToJSONKeyText' is out of scope.
    If you qualify the identifier, haddock can try to link it
    it anyway.
Warning: 'Bool' is ambiguous. It is defined
    * at Data/Aeson/Types/Internal.hs:348:14
    * in ‘GHC.Types’
    You may be able to disambiguate the identifier by qualifying it or
    by hiding some imports.
    Defaulting to 'Bool' defined at Data/Aeson/Types/Internal.hs:344:1
  88% (  7 /  8) in 'Data.Aeson.Internal'
  Missing documentation for:
    JSONPath (Data/Aeson/Types/Internal.hs:118)
  33% (  2 /  6) in 'Data.Aeson.Internal.Time'
  Missing documentation for:
    fromPico (attoparsec-iso8601/Data/Attoparsec/Time/Internal.hs:54)
    toPico (attoparsec-iso8601/Data/Attoparsec/Time/Internal.hs:51)
    diffTimeOfDay64 (attoparsec-iso8601/Data/Attoparsec/Time/Internal.hs:75)
    toTimeOfDay64 (attoparsec-iso8601/Data/Attoparsec/Time/Internal.hs:83)
Warning: 'Value' is ambiguous. It is defined
    * at Data/Aeson/Encoding/Internal.hs:124:15
    * at Data/Aeson/Types/Internal.hs:344:1
    You may be able to disambiguate the identifier by qualifying it or
    by hiding some imports.
    Defaulting to 'Value' defined at Data/Aeson/Encoding/Internal.hs:123:1
Warning: '.=' is out of scope.
    If you qualify the identifier, haddock can try to link it
    it anyway.
  22% ( 17 / 77) in 'Data.Aeson.Encoding.Internal'
  Missing documentation for:
    Module header
    encodingToLazyByteString (Data/Aeson/Encoding/Internal.hs:95)
    retagEncoding (Data/Aeson/Encoding/Internal.hs:99)
    pair (Data/Aeson/Encoding/Internal.hs:127)
    pairStr (Data/Aeson/Encoding/Internal.hs:131)
    pair' (Data/Aeson/Encoding/Internal.hs:135)
    nullEncoding (Data/Aeson/Encoding/Internal.hs:147)
    emptyArray_ (Data/Aeson/Encoding/Internal.hs:150)
    emptyObject_ (Data/Aeson/Encoding/Internal.hs:153)
    wrapObject (Data/Aeson/Encoding/Internal.hs:159)
    wrapArray (Data/Aeson/Encoding/Internal.hs:156)
    null_ (Data/Aeson/Encoding/Internal.hs:162)
    bool (Data/Aeson/Encoding/Internal.hs:165)
    text (Data/Aeson/Encoding/Internal.hs:226)
    lazyText (Data/Aeson/Encoding/Internal.hs:229)
    string (Data/Aeson/Encoding/Internal.hs:234)
    list (Data/Aeson/Encoding/Internal.hs:175)
    empty (Data/Aeson/Encoding/Internal.hs:204)
    >< (Data/Aeson/Encoding/Internal.hs:211)
    econcat (Data/Aeson/Encoding/Internal.hs:207)
    int8 (Data/Aeson/Encoding/Internal.hs:253)
    int16 (Data/Aeson/Encoding/Internal.hs:256)
    int32 (Data/Aeson/Encoding/Internal.hs:259)
    int64 (Data/Aeson/Encoding/Internal.hs:262)
    int (Data/Aeson/Encoding/Internal.hs:265)
    word8 (Data/Aeson/Encoding/Internal.hs:268)
    word16 (Data/Aeson/Encoding/Internal.hs:271)
    word32 (Data/Aeson/Encoding/Internal.hs:274)
    word64 (Data/Aeson/Encoding/Internal.hs:277)
    word (Data/Aeson/Encoding/Internal.hs:280)
    integer (Data/Aeson/Encoding/Internal.hs:283)
    float (Data/Aeson/Encoding/Internal.hs:286)
    double (Data/Aeson/Encoding/Internal.hs:289)
    scientific (Data/Aeson/Encoding/Internal.hs:292)
    int8Text (Data/Aeson/Encoding/Internal.hs:305)
    int16Text (Data/Aeson/Encoding/Internal.hs:308)
    int32Text (Data/Aeson/Encoding/Internal.hs:311)
    int64Text (Data/Aeson/Encoding/Internal.hs:314)
    intText (Data/Aeson/Encoding/Internal.hs:317)
    word8Text (Data/Aeson/Encoding/Internal.hs:320)
    word16Text (Data/Aeson/Encoding/Internal.hs:323)
    word32Text (Data/Aeson/Encoding/Internal.hs:326)
    word64Text (Data/Aeson/Encoding/Internal.hs:329)
    wordText (Data/Aeson/Encoding/Internal.hs:332)
    integerText (Data/Aeson/Encoding/Internal.hs:335)
    floatText (Data/Aeson/Encoding/Internal.hs:338)
    doubleText (Data/Aeson/Encoding/Internal.hs:341)
    scientificText (Data/Aeson/Encoding/Internal.hs:344)
    day (Data/Aeson/Encoding/Internal.hs:351)
    localTime (Data/Aeson/Encoding/Internal.hs:354)
    utcTime (Data/Aeson/Encoding/Internal.hs:357)
    timeOfDay (Data/Aeson/Encoding/Internal.hs:360)
    zonedTime (Data/Aeson/Encoding/Internal.hs:363)
    value (Data/Aeson/Encoding/Internal.hs:370)
    comma (Data/Aeson/Encoding/Internal.hs:241)
    colon (Data/Aeson/Encoding/Internal.hs:241)
    openBracket (Data/Aeson/Encoding/Internal.hs:241)
    closeBracket (Data/Aeson/Encoding/Internal.hs:241)
    openCurly (Data/Aeson/Encoding/Internal.hs:241)
    closeCurly (Data/Aeson/Encoding/Internal.hs:241)
Warning: 'Encoding' is ambiguous. It is defined
    * at Data/Aeson/Encoding/Internal.hs:80:25
    * at Data/Aeson/Encoding/Internal.hs:86:1
    You may be able to disambiguate the identifier by qualifying it or
    by hiding some imports.
    Defaulting to 'Encoding' defined at Data/Aeson/Encoding/Internal.hs:80:1
Warning: 'Text' is out of scope.
    If you qualify the identifier, haddock can try to link it
    it anyway.
  24% ( 15 / 62) in 'Data.Aeson.Encoding'
  Missing documentation for:
    encodingToLazyByteString (Data/Aeson/Encoding/Internal.hs:95)
    pair (Data/Aeson/Encoding/Internal.hs:127)
    pairStr (Data/Aeson/Encoding/Internal.hs:131)
    pair' (Data/Aeson/Encoding/Internal.hs:135)
    nullEncoding (Data/Aeson/Encoding/Internal.hs:147)
    emptyArray_ (Data/Aeson/Encoding/Internal.hs:150)
    emptyObject_ (Data/Aeson/Encoding/Internal.hs:153)
    text (Data/Aeson/Encoding/Internal.hs:226)
    lazyText (Data/Aeson/Encoding/Internal.hs:229)
    string (Data/Aeson/Encoding/Internal.hs:234)
    list (Data/Aeson/Encoding/Internal.hs:175)
    null_ (Data/Aeson/Encoding/Internal.hs:162)
    bool (Data/Aeson/Encoding/Internal.hs:165)
    int8 (Data/Aeson/Encoding/Internal.hs:253)
    int16 (Data/Aeson/Encoding/Internal.hs:256)
    int32 (Data/Aeson/Encoding/Internal.hs:259)
    int64 (Data/Aeson/Encoding/Internal.hs:262)
    int (Data/Aeson/Encoding/Internal.hs:265)
    word8 (Data/Aeson/Encoding/Internal.hs:268)
    word16 (Data/Aeson/Encoding/Internal.hs:271)
    word32 (Data/Aeson/Encoding/Internal.hs:274)
    word64 (Data/Aeson/Encoding/Internal.hs:277)
    word (Data/Aeson/Encoding/Internal.hs:280)
    integer (Data/Aeson/Encoding/Internal.hs:283)
    float (Data/Aeson/Encoding/Internal.hs:286)
    double (Data/Aeson/Encoding/Internal.hs:289)
    scientific (Data/Aeson/Encoding/Internal.hs:292)
    int8Text (Data/Aeson/Encoding/Internal.hs:305)
    int16Text (Data/Aeson/Encoding/Internal.hs:308)
    int32Text (Data/Aeson/Encoding/Internal.hs:311)
    int64Text (Data/Aeson/Encoding/Internal.hs:314)
    intText (Data/Aeson/Encoding/Internal.hs:317)
    word8Text (Data/Aeson/Encoding/Internal.hs:320)
    word16Text (Data/Aeson/Encoding/Internal.hs:323)
    word32Text (Data/Aeson/Encoding/Internal.hs:326)
    word64Text (Data/Aeson/Encoding/Internal.hs:329)
    wordText (Data/Aeson/Encoding/Internal.hs:332)
    integerText (Data/Aeson/Encoding/Internal.hs:335)
    floatText (Data/Aeson/Encoding/Internal.hs:338)
    doubleText (Data/Aeson/Encoding/Internal.hs:341)
    scientificText (Data/Aeson/Encoding/Internal.hs:344)
    day (Data/Aeson/Encoding/Internal.hs:351)
    localTime (Data/Aeson/Encoding/Internal.hs:354)
    utcTime (Data/Aeson/Encoding/Internal.hs:357)
    timeOfDay (Data/Aeson/Encoding/Internal.hs:360)
    zonedTime (Data/Aeson/Encoding/Internal.hs:363)
    value (Data/Aeson/Encoding/Internal.hs:370)
Warning: 'pairs' is out of scope.
    If you qualify the identifier, haddock can try to link it
    it anyway.
Warning: 'Object' is ambiguous. It is defined
    * at Data/Aeson/Types/Internal.hs:344:14
    * at Data/Aeson/Types/Internal.hs:338:1
    You may be able to disambiguate the identifier by qualifying it or
    by hiding some imports.
    Defaulting to 'Object' defined at Data/Aeson/Types/Internal.hs:338:1
Warning: 'Map' is out of scope.
    If you qualify the identifier, haddock can try to link it
    it anyway.
Warning: 'HashMap' is out of scope.
    If you qualify the identifier, haddock can try to link it
    it anyway.
Warning: 'FromJSONKey' is out of scope.
    If you qualify the identifier, haddock can try to link it
    it anyway.
Warning: 'Foo' is out of scope.
    If you qualify the identifier, haddock can try to link it
    it anyway.
Warning: 'String' is ambiguous. It is defined
    * at Data/Aeson/Types/Internal.hs:346:14
    * in ‘GHC.Base’
    You may be able to disambiguate the identifier by qualifying it or
    by hiding some imports.
    Defaulting to 'String' defined at Data/Aeson/Types/Internal.hs:344:1
Warning: 'ByteString' is out of scope.
    If you qualify the identifier, haddock can try to link it
    it anyway.
Warning: 'showsList' is out of scope.
    If you qualify the identifier, haddock can try to link it
    it anyway.
  97% (100 /103) in 'Data.Aeson.Types'
  Missing documentation for:
    ToJSONKeyFunction (Data/Aeson/Types/ToJSON.hs:481)
    GToJSON (Data/Aeson/Types/Class.hs:103)
    GToEncoding (Data/Aeson/Types/Class.hs:104)
Warning: 'encode' is out of scope.
    If you qualify the identifier, haddock can try to link it
    it anyway.
Warning: 'fromEncoding' is out of scope.
    If you qualify the identifier, haddock can try to link it
    it anyway.
 100% (  3 /  3) in 'Data.Aeson.Text'
Warning: 'Generic' is out of scope.
    If you qualify the identifier, haddock can try to link it
    it anyway.
Warning: 'name' is out of scope.
    If you qualify the identifier, haddock can try to link it
    it anyway.
Warning: 'Object' is ambiguous. It is defined
    * at Data/Aeson/Types/Internal.hs:344:14
    * at Data/Aeson/Types/Internal.hs:338:1
    You may be able to disambiguate the identifier by qualifying it or
    by hiding some imports.
    Defaulting to 'Object' defined at Data/Aeson/Types/Internal.hs:338:1
Cannot find documentation for: $optionsFields
  97% (105 /108) in 'Data.Aeson'
  Missing documentation for:
    ToJSONKeyFunction (Data/Aeson/Types/ToJSON.hs:481)
    GToJSON (Data/Aeson/Types/Class.hs:103)
    GToEncoding (Data/Aeson/Types/Class.hs:104)
Warning: 'ToJSON' is ambiguous. It is defined
    * at Data/Aeson/TH.hs:1908:16
    * at Data/Aeson/Types/ToJSON.hs:296:1
    You may be able to disambiguate the identifier by qualifying it or
    by hiding some imports.
    Defaulting to 'ToJSON' defined at Data/Aeson/TH.hs:1908:1
Warning: 'Value' is ambiguous. It is defined
    * at Data/Aeson/TH.hs:1911:18
    * at Data/Aeson/Types/Internal.hs:344:1
    You may be able to disambiguate the identifier by qualifying it or
    by hiding some imports.
    Defaulting to 'Value' defined at Data/Aeson/TH.hs:1911:1
Warning: 'Text' is out of scope.
    If you qualify the identifier, haddock can try to link it
    it anyway.
Warning: 'Object' is ambiguous. It is defined
    * at Data/Aeson/Types/Internal.hs:344:14
    * at Data/Aeson/Types/Internal.hs:338:1
    You may be able to disambiguate the identifier by qualifying it or
    by hiding some imports.
    Defaulting to 'Object' defined at Data/Aeson/Types/Internal.hs:338:1
Warning: 'FromJSON3' is out of scope.
    If you qualify the identifier, haddock can try to link it
    it anyway.
 100% ( 25 / 25) in 'Data.Aeson.TH'
  50% (  1 /  2) in 'Data.Aeson.QQ.Simple'
  Missing documentation for:
    aesonQQ (Data/Aeson/QQ/Simple.hs:13)
  33% (  1 /  3) in 'Data.Aeson.Encode'
  Missing documentation for:
    encode (Data/Aeson/Encode.hs:25)
    encodeToTextBuilder (Data/Aeson/Encode.hs:29)
Warning: Data.Aeson.Types: could not find link destinations for:
    GToJSON CoerceText AllNullary ParseSum FromProduct ProductSize ConsFromJSON withBoundedScientific
Warning: Data.Aeson: could not find link destinations for:
    GToJSON CoerceText AllNullary ParseSum FromProduct ProductSize ConsFromJSON withBoundedScientific
Warning: Data.Aeson.TH: could not find link destinations for:
    JSONFun ToJSONFun Encoding sumToValue StarKindStatus opaqueSumToValue recordSumToValue
Documentation created:
.stack-work/dist/x86_64-osx/Cabal-2.4.0.1/doc/html/aeson/index.html,
.stack-work/dist/x86_64-osx/Cabal-2.4.0.1/doc/html/aeson/aeson.txt
Installing library in /Users/masa/.stack/snapshots/x86_64-osx/lts-13.0/8.6.3/lib/x86_64-osx-ghc-8.6.3/aeson-1.4.2.0-Dzbo5wshHlhHZyJApR1zxe
Registering library for aeson-1.4.2.0..
