Configuring cereal-0.5.7.0...
Preprocessing library for cereal-0.5.7.0..
Building library for cereal-0.5.7.0..
[1 of 4] Compiling Data.Serialize.Get ( src/Data/Serialize/Get.hs, .stack-work/dist/x86_64-osx/Cabal-2.4.0.1/build/Data/Serialize/Get.o )
[2 of 4] Compiling Data.Serialize.Put ( src/Data/Serialize/Put.hs, .stack-work/dist/x86_64-osx/Cabal-2.4.0.1/build/Data/Serialize/Put.o )
[3 of 4] Compiling Data.Serialize.IEEE754 ( src/Data/Serialize/IEEE754.hs, .stack-work/dist/x86_64-osx/Cabal-2.4.0.1/build/Data/Serialize/IEEE754.o )
[4 of 4] Compiling Data.Serialize   ( src/Data/Serialize.hs, .stack-work/dist/x86_64-osx/Cabal-2.4.0.1/build/Data/Serialize.o )

[;1msrc/Data/Serialize.hs:290:9: [;1m[35mwarning:[0m[0m[;1m [[;1m[35m-Wincomplete-patterns[0m[0m[;1m][0m[0m[;1m
    Pattern match(es) are non-exhaustive
    In an equation for ‘findNr’: Patterns not matched: _ _[0m[0m
[;1m[34m    |[0m[0m
[;1m[34m290 |[0m[0m         [;1m[35mfindNr lo hi[0m[0m
[;1m[34m    |[0m[0m[;1m[35m         ^^^^^^^^^^^^...[0m[0m
[0m[0m[0mPreprocessing library for cereal-0.5.7.0..
Running Haddock on library for cereal-0.5.7.0..
Haddock coverage:
  94% ( 61 / 65) in 'Data.Serialize.Get'
  Missing documentation for:
    label (src/Data/Serialize/Get.hs:265)
    getLazyByteString (src/Data/Serialize/Get.hs:506)
    getShortByteString (src/Data/Serialize/Get.hs:510)
    getTwoOf (src/Data/Serialize/Get.hs:749)
Warning: 'Put' is ambiguous. It is defined
    * at src/Data/Serialize/Put.hs:140:18
    * at src/Data/Serialize/Put.hs:143:1
    You may be able to disambiguate the identifier by qualifying it or
    by hiding some imports.
    Defaulting to 'Put' defined at src/Data/Serialize/Put.hs:140:1
  75% ( 42 / 56) in 'Data.Serialize.Put'
  Missing documentation for:
    Putter (src/Data/Serialize/Put.hs:145)
    putBuilder (src/Data/Serialize/Put.hs:201)
    putShortByteString (src/Data/Serialize/Put.hs:259)
    putTwoOf (src/Data/Serialize/Put.hs:399)
    putListOf (src/Data/Serialize/Put.hs:403)
    putIArrayOf (src/Data/Serialize/Put.hs:409)
    putSeqOf (src/Data/Serialize/Put.hs:415)
    putTreeOf (src/Data/Serialize/Put.hs:421)
    putMapOf (src/Data/Serialize/Put.hs:428)
    putIntMapOf (src/Data/Serialize/Put.hs:432)
    putSetOf (src/Data/Serialize/Put.hs:436)
    putIntSetOf (src/Data/Serialize/Put.hs:440)
    putMaybeOf (src/Data/Serialize/Put.hs:444)
    putEitherOf (src/Data/Serialize/Put.hs:449)
 100% ( 11 / 11) in 'Data.Serialize.IEEE754'
Cannot find documentation for: $example
  87% ( 13 / 15) in 'Data.Serialize'
  Missing documentation for:
    GSerializePut (src/Data/Serialize.hs:565)
    GSerializeGet (src/Data/Serialize.hs:568)
Warning: Data.Serialize.Get: could not find link destinations for:
    get
Warning: Data.Serialize.Put: could not find link destinations for:
    PairS
Warning: Data.Serialize: could not find link destinations for:
    PutSum SumSize GetSum
Documentation created:
.stack-work/dist/x86_64-osx/Cabal-2.4.0.1/doc/html/cereal/index.html,
.stack-work/dist/x86_64-osx/Cabal-2.4.0.1/doc/html/cereal/cereal.txt
Installing library in /Users/masa/.stack/snapshots/x86_64-osx/lts-13.0/8.6.3/lib/x86_64-osx-ghc-8.6.3/cereal-0.5.7.0-FQK96FKtVCb14kvriaZEBb
Registering library for cereal-0.5.7.0..
