Configuring connection-0.2.8...
Preprocessing library for connection-0.2.8..
Building library for connection-0.2.8..
[1 of 2] Compiling Network.Connection.Types ( Network/Connection/Types.hs, .stack-work/dist/x86_64-osx/Cabal-2.4.0.1/build/Network/Connection/Types.o )

[;1mNetwork/Connection/Types.hs:19:1: [;1m[35mwarning:[0m[0m[;1m [[;1m[35m-Wdeprecations[0m[0m[;1m][0m[0m[;1m
    Module ‘Network.BSD’ is deprecated:
      This platform dependent module is no longer supported.[0m[0m
[;1m[34m   |[0m[0m
[;1m[34m19 |[0m[0m [;1m[35mimport Network.BSD (HostName)[0m[0m
[;1m[34m   |[0m[0m[;1m[35m ^^^^^^^^^^^^^^^^^^^^^^^^^^^^^[0m[0m
[0m[0m[0m[2 of 2] Compiling Network.Connection ( Network/Connection.hs, .stack-work/dist/x86_64-osx/Cabal-2.4.0.1/build/Network/Connection.o )

[;1mNetwork/Connection.hs:52:1: [;1m[35mwarning:[0m[0m[;1m [[;1m[35m-Wunused-imports[0m[0m[;1m][0m[0m[;1m
    The import of ‘Control.Applicative’ is redundant
      except perhaps to import instances from ‘Control.Applicative’
    To import instances alone, use: import Control.Applicative()[0m[0m
[;1m[34m   |[0m[0m
[;1m[34m52 |[0m[0m [;1m[35mimport Control.Applicative[0m[0m
[;1m[34m   |[0m[0m[;1m[35m ^^^^^^^^^^^^^^^^^^^^^^^^^^[0m[0m
[0m[0m[0m
[;1mNetwork/Connection.hs:64:1: [;1m[35mwarning:[0m[0m[;1m [[;1m[35m-Wdeprecations[0m[0m[;1m][0m[0m[;1m
    Module ‘Network’ is deprecated:
      The high level Network interface is no longer supported. Please use Network.Socket.[0m[0m
[;1m[34m   |[0m[0m
[;1m[34m64 |[0m[0m [;1m[35mimport qualified Network as N[0m[0m
[;1m[34m   |[0m[0m[;1m[35m ^^^^^^^^^^^^^^^^^^^^^^^^^^^^^[0m[0m
[0m[0m[0m
[;1mNetwork/Connection.hs:66:1: [;1m[35mwarning:[0m[0m[;1m [[;1m[35m-Wdeprecations[0m[0m[;1m][0m[0m[;1m
    Module ‘Network.BSD’ is deprecated:
      This platform dependent module is no longer supported.[0m[0m
[;1m[34m   |[0m[0m
[;1m[34m66 |[0m[0m [;1m[35mimport Network.BSD (getProtocolNumber)[0m[0m
[;1m[34m   |[0m[0m[;1m[35m ^^^^^^^^^^^^^^^^^^^^^^^^^^^^^^^^^^^^^^[0m[0m
[0m[0m[0m
[;1mNetwork/Connection.hs:101:1: [;1m[35mwarning:[0m[0m[;1m [[;1m[35m-Wunused-top-binds[0m[0m[;1m][0m[0m[;1m
    Defined but not used: ‘connectionSessionManager’[0m[0m
[;1m[34m    |[0m[0m
[;1m[34m101 |[0m[0m [;1m[35mconnectionSessionManager[0m[0m mvar = TLS.SessionManager
[;1m[34m    |[0m[0m[;1m[35m ^^^^^^^^^^^^^^^^^^^^^^^^[0m[0m
[0m[0m[0m
[;1mNetwork/Connection.hs:117:62: [;1m[35mwarning:[0m[0m[;1m [[;1m[35m-Wdeprecations[0m[0m[;1m][0m[0m[;1m
    In the use of ‘ciphersuite_all’
    (imported from Network.TLS.Extra, but defined in Network.TLS.Extra.Cipher):
    "This ciphersuite list contains RC4. Use ciphersuite_strong or ciphersuite_default instead."[0m[0m
[;1m[34m    |[0m[0m
[;1m[34m117 |[0m[0m         { TLS.clientSupported = def { TLS.supportedCiphers = [;1m[35mTLS.ciphersuite_all[0m[0m }
[;1m[34m    |[0m[0m[;1m[35m                                                              ^^^^^^^^^^^^^^^^^^^[0m[0m
[0m[0m[0m
[;1mNetwork/Connection.hs:175:58: [;1m[35mwarning:[0m[0m[;1m [[;1m[35m-Wdeprecations[0m[0m[;1m][0m[0m[;1m
    In the use of data constructor ‘PortNumber’
    (imported from Network):
    Deprecated: "The high level Network interface is no longer supported. Please use Network.Socket."[0m[0m
[;1m[34m    |[0m[0m
[;1m[34m175 |[0m[0m     let doConnect = conFct (connectionHostname cParams) ([;1m[35mN.PortNumber[0m[0m $ connectionPort cParams)
[;1m[34m    |[0m[0m[;1m[35m                                                          ^^^^^^^^^^^^[0m[0m
[0m[0m[0m
[;1mNetwork/Connection.hs:180:85: [;1m[35mwarning:[0m[0m[;1m [[;1m[35m-Wdeprecations[0m[0m[;1m][0m[0m[;1m
    In the use of data constructor ‘PortNumber’
    (imported from Network):
    Deprecated: "The high level Network interface is no longer supported. Please use Network.Socket."[0m[0m
[;1m[34m    |[0m[0m
[;1m[34m180 |[0m[0m         getConFct (Just (OtherProxy h p))            = return $ \_ _ -> resolve' h ([;1m[35mN.PortNumber[0m[0m p)
[;1m[34m    |[0m[0m[;1m[35m                                                                                     ^^^^^^^^^^^^[0m[0m
[0m[0m[0m
[;1mNetwork/Connection.hs:181:84: [;1m[35mwarning:[0m[0m[;1m [[;1m[35m-Wdeprecations[0m[0m[;1m][0m[0m[;1m
    In the use of data constructor ‘PortNumber’
    (imported from Network):
    Deprecated: "The high level Network interface is no longer supported. Please use Network.Socket."[0m[0m
[;1m[34m    |[0m[0m
[;1m[34m181 |[0m[0m         getConFct (Just (SockSettingsSimple h p))    = return $ socksConnectTo' h ([;1m[35mN.PortNumber[0m[0m p)
[;1m[34m    |[0m[0m[;1m[35m                                                                                    ^^^^^^^^^^^^[0m[0m
[0m[0m[0m
[;1mNetwork/Connection.hs:192:80: [;1m[35mwarning:[0m[0m[;1m [[;1m[35m-Wdeprecations[0m[0m[;1m][0m[0m[;1m
    In the use of data constructor ‘PortNumber’
    (imported from Network):
    Deprecated: "The high level Network interface is no longer supported. Please use Network.Socket."[0m[0m
[;1m[34m    |[0m[0m
[;1m[34m192 |[0m[0m                         Just (sHost, sPort) -> return $ socksConnectTo' sHost ([;1m[35mN.PortNumber[0m[0m $ fromIntegral (sPort :: Int))
[;1m[34m    |[0m[0m[;1m[35m                                                                                ^^^^^^^^^^^^[0m[0m
[0m[0m[0m
[;1mNetwork/Connection.hs:206:29: [;1m[35mwarning:[0m[0m[;1m [[;1m[35m-Wdeprecations[0m[0m[;1m][0m[0m[;1m
    In the use of data constructor ‘Service’ (imported from Network):
    Deprecated: "The high level Network interface is no longer supported. Please use Network.Socket."[0m[0m
[;1m[34m    |[0m[0m
[;1m[34m206 |[0m[0m                             [;1m[35mN.Service[0m[0m serv -> serv
[;1m[34m    |[0m[0m[;1m[35m                             ^^^^^^^^^[0m[0m
[0m[0m[0m
[;1mNetwork/Connection.hs:206:39: [;1m[35mwarning:[0m[0m[;1m [[;1m[35m-Wname-shadowing[0m[0m[;1m][0m[0m[;1m
    This binding for ‘serv’ shadows the existing binding
      bound at Network/Connection.hs:205:17[0m[0m
[;1m[34m    |[0m[0m
[;1m[34m206 |[0m[0m                             N.Service [;1m[35mserv[0m[0m -> serv
[;1m[34m    |[0m[0m[;1m[35m                                       ^^^^[0m[0m
[0m[0m[0m
[;1mNetwork/Connection.hs:207:29: [;1m[35mwarning:[0m[0m[;1m [[;1m[35m-Wdeprecations[0m[0m[;1m][0m[0m[;1m
    In the use of data constructor ‘PortNumber’
    (imported from Network):
    Deprecated: "The high level Network interface is no longer supported. Please use Network.Socket."[0m[0m
[;1m[34m    |[0m[0m
[;1m[34m207 |[0m[0m                             [;1m[35mN.PortNumber[0m[0m n -> show n
[;1m[34m    |[0m[0m[;1m[35m                             ^^^^^^^^^^^^[0m[0m
[0m[0m[0m
[;1mNetwork/Connection.hs:209:22: [;1m[35mwarning:[0m[0m[;1m [[;1m[35m-Wdeprecations[0m[0m[;1m][0m[0m[;1m
    In the use of ‘getProtocolNumber’ (imported from Network.BSD):
    Deprecated: "This platform dependent module is no longer supported."[0m[0m
[;1m[34m    |[0m[0m
[;1m[34m209 |[0m[0m             proto <- [;1m[35mgetProtocolNumber[0m[0m "tcp"
[;1m[34m    |[0m[0m[;1m[35m                      ^^^^^^^^^^^^^^^^^[0m[0m
[0m[0m[0mPreprocessing library for connection-0.2.8..
Running Haddock on library for connection-0.2.8..

Network/Connection/Types.hs:19:1: warning: [-Wdeprecations]
    Module ‘Network.BSD’ is deprecated:
      This platform dependent module is no longer supported.
   |
19 | import Network.BSD (HostName)
   | ^^^^^^^^^^^^^^^^^^^^^^^^^^^^^

Network/Connection.hs:52:1: warning: [-Wunused-imports]
    The import of ‘Control.Applicative’ is redundant
      except perhaps to import instances from ‘Control.Applicative’
    To import instances alone, use: import Control.Applicative()
   |
52 | import Control.Applicative
   | ^^^^^^^^^^^^^^^^^^^^^^^^^^

Network/Connection.hs:64:1: warning: [-Wdeprecations]
    Module ‘Network’ is deprecated:
      The high level Network interface is no longer supported. Please use Network.Socket.
   |
64 | import qualified Network as N
   | ^^^^^^^^^^^^^^^^^^^^^^^^^^^^^

Network/Connection.hs:66:1: warning: [-Wdeprecations]
    Module ‘Network.BSD’ is deprecated:
      This platform dependent module is no longer supported.
   |
66 | import Network.BSD (getProtocolNumber)
   | ^^^^^^^^^^^^^^^^^^^^^^^^^^^^^^^^^^^^^^

Network/Connection.hs:101:1: warning: [-Wunused-top-binds]
    Defined but not used: ‘connectionSessionManager’
    |
101 | connectionSessionManager mvar = TLS.SessionManager
    | ^^^^^^^^^^^^^^^^^^^^^^^^

Network/Connection.hs:117:62: warning: [-Wdeprecations]
    In the use of ‘ciphersuite_all’
    (imported from Network.TLS.Extra, but defined in Network.TLS.Extra.Cipher):
    "This ciphersuite list contains RC4. Use ciphersuite_strong or ciphersuite_default instead."
    |
117 |         { TLS.clientSupported = def { TLS.supportedCiphers = TLS.ciphersuite_all }
    |                                                              ^^^^^^^^^^^^^^^^^^^

Network/Connection.hs:175:58: warning: [-Wdeprecations]
    In the use of data constructor ‘PortNumber’
    (imported from Network):
    Deprecated: "The high level Network interface is no longer supported. Please use Network.Socket."
    |
175 |     let doConnect = conFct (connectionHostname cParams) (N.PortNumber $ connectionPort cParams)
    |                                                          ^^^^^^^^^^^^

Network/Connection.hs:180:85: warning: [-Wdeprecations]
    In the use of data constructor ‘PortNumber’
    (imported from Network):
    Deprecated: "The high level Network interface is no longer supported. Please use Network.Socket."
    |
180 |         getConFct (Just (OtherProxy h p))            = return $ \_ _ -> resolve' h (N.PortNumber p)
    |                                                                                     ^^^^^^^^^^^^

Network/Connection.hs:181:84: warning: [-Wdeprecations]
    In the use of data constructor ‘PortNumber’
    (imported from Network):
    Deprecated: "The high level Network interface is no longer supported. Please use Network.Socket."
    |
181 |         getConFct (Just (SockSettingsSimple h p))    = return $ socksConnectTo' h (N.PortNumber p)
    |                                                                                    ^^^^^^^^^^^^

Network/Connection.hs:192:80: warning: [-Wdeprecations]
    In the use of data constructor ‘PortNumber’
    (imported from Network):
    Deprecated: "The high level Network interface is no longer supported. Please use Network.Socket."
    |
192 |                         Just (sHost, sPort) -> return $ socksConnectTo' sHost (N.PortNumber $ fromIntegral (sPort :: Int))
    |                                                                                ^^^^^^^^^^^^

Network/Connection.hs:206:29: warning: [-Wdeprecations]
    In the use of data constructor ‘Service’ (imported from Network):
    Deprecated: "The high level Network interface is no longer supported. Please use Network.Socket."
    |
206 |                             N.Service serv -> serv
    |                             ^^^^^^^^^

Network/Connection.hs:206:39: warning: [-Wname-shadowing]
    This binding for ‘serv’ shadows the existing binding
      bound at Network/Connection.hs:205:17
    |
206 |                             N.Service serv -> serv
    |                                       ^^^^

Network/Connection.hs:207:29: warning: [-Wdeprecations]
    In the use of data constructor ‘PortNumber’
    (imported from Network):
    Deprecated: "The high level Network interface is no longer supported. Please use Network.Socket."
    |
207 |                             N.PortNumber n -> show n
    |                             ^^^^^^^^^^^^

Network/Connection.hs:209:22: warning: [-Wdeprecations]
    In the use of ‘getProtocolNumber’ (imported from Network.BSD):
    Deprecated: "This platform dependent module is no longer supported."
    |
209 |             proto <- getProtocolNumber "tcp"
    |                      ^^^^^^^^^^^^^^^^^
Haddock coverage:
Warning: 'ClientParams' is out of scope.
    If you qualify the identifier, haddock can try to link it
    it anyway.
Warning: 'isEOFError' is out of scope.
    If you qualify the identifier, haddock can try to link it
    it anyway.
  97% ( 30 / 31) in 'Network.Connection'
  Missing documentation for:
    SockSettings (Network/Connection/Types.hs:59)
Warning: Network.Connection: could not find link destinations for:
    ConnectionID
Documentation created:
.stack-work/dist/x86_64-osx/Cabal-2.4.0.1/doc/html/connection/index.html,
.stack-work/dist/x86_64-osx/Cabal-2.4.0.1/doc/html/connection/connection.txt
Installing library in /Users/masa/.stack/snapshots/x86_64-osx/lts-13.0/8.6.3/lib/x86_64-osx-ghc-8.6.3/connection-0.2.8-IPUa9x9xFyL3ufHWQL8XgW
Registering library for connection-0.2.8..
