Configuring easy-file-0.2.2...
Preprocessing library for easy-file-0.2.2..
Building library for easy-file-0.2.2..
[1 of 4] Compiling System.EasyFile.Directory ( System/EasyFile/Directory.hs, .stack-work/dist/x86_64-osx/Cabal-2.4.0.1/build/System/EasyFile/Directory.o )

[;1mSystem/EasyFile/Directory.hs:37:1: [;1m[35mwarning:[0m[0m[;1m [[;1m[35m-Wunused-imports[0m[0m[;1m][0m[0m[;1m
    The import of ‘Control.Applicative’ is redundant
      except perhaps to import instances from ‘Control.Applicative’
    To import instances alone, use: import Control.Applicative()[0m[0m
[;1m[34m   |[0m[0m
[;1m[34m37 |[0m[0m [;1m[35mimport Control.Applicative[0m[0m
[;1m[34m   |[0m[0m[;1m[35m ^^^^^^^^^^^^^^^^^^^^^^^^^^[0m[0m
[0m[0m[0m[2 of 4] Compiling System.EasyFile.FilePath ( System/EasyFile/FilePath.hs, .stack-work/dist/x86_64-osx/Cabal-2.4.0.1/build/System/EasyFile/FilePath.o )
[3 of 4] Compiling System.EasyFile.Missing ( System/EasyFile/Missing.hs, .stack-work/dist/x86_64-osx/Cabal-2.4.0.1/build/System/EasyFile/Missing.o )

[;1mSystem/EasyFile/Missing.hs:7:1: [;1m[35mwarning:[0m[0m[;1m [[;1m[35m-Wunused-imports[0m[0m[;1m][0m[0m[;1m
    The import of ‘Control.Applicative’ is redundant
      except perhaps to import instances from ‘Control.Applicative’
    To import instances alone, use: import Control.Applicative()[0m[0m
[;1m[34m  |[0m[0m
[;1m[34m7 |[0m[0m [;1m[35mimport Control.Applicative[0m[0m
[;1m[34m  |[0m[0m[;1m[35m ^^^^^^^^^^^^^^^^^^^^^^^^^^[0m[0m
[0m[0m[0m[4 of 4] Compiling System.EasyFile  ( System/EasyFile.hs, .stack-work/dist/x86_64-osx/Cabal-2.4.0.1/build/System/EasyFile.o )
Preprocessing library for easy-file-0.2.2..
Running Haddock on library for easy-file-0.2.2..

System/EasyFile/Directory.hs:37:1: warning: [-Wunused-imports]
    The import of ‘Control.Applicative’ is redundant
      except perhaps to import instances from ‘Control.Applicative’
    To import instances alone, use: import Control.Applicative()
   |
37 | import Control.Applicative
   | ^^^^^^^^^^^^^^^^^^^^^^^^^^

System/EasyFile/Missing.hs:7:1: warning: [-Wunused-imports]
    The import of ‘Control.Applicative’ is redundant
      except perhaps to import instances from ‘Control.Applicative’
    To import instances alone, use: import Control.Applicative()
  |
7 | import Control.Applicative
  | ^^^^^^^^^^^^^^^^^^^^^^^^^^
Haddock coverage:
Warning: 'HardwareFault' is out of scope.
    If you qualify the identifier, haddock can try to link it
    it anyway.
Warning: 'isDoesNotExistError' is out of scope.
    If you qualify the identifier, haddock can try to link it
    it anyway.
Warning: 'NoSuchThing' is out of scope.
    If you qualify the identifier, haddock can try to link it
    it anyway.
Warning: 'isPermissionError' is out of scope.
    If you qualify the identifier, haddock can try to link it
    it anyway.
Warning: 'PermissionDenied' is out of scope.
    If you qualify the identifier, haddock can try to link it
    it anyway.
Warning: 'ResourceExhausted' is out of scope.
    If you qualify the identifier, haddock can try to link it
    it anyway.
Warning: 'UnsupportedOperation' is out of scope.
    If you qualify the identifier, haddock can try to link it
    it anyway.
Warning: 'isPermissionError' is out of scope.
    If you qualify the identifier, haddock can try to link it
    it anyway.
Warning: 'isDoesNotExistError' is out of scope.
    If you qualify the identifier, haddock can try to link it
    it anyway.
Warning: 'ClockTime' is out of scope.
    If you qualify the identifier, haddock can try to link it
    it anyway.
Warning: 'UTCTime' is out of scope.
    If you qualify the identifier, haddock can try to link it
    it anyway.
  99% ( 88 / 89) in 'System.EasyFile'
  Missing documentation for:
    Permissions
Documentation created:
.stack-work/dist/x86_64-osx/Cabal-2.4.0.1/doc/html/easy-file/index.html,
.stack-work/dist/x86_64-osx/Cabal-2.4.0.1/doc/html/easy-file/easy-file.txt
Installing library in /Users/masa/.stack/snapshots/x86_64-osx/lts-13.0/8.6.3/lib/x86_64-osx-ghc-8.6.3/easy-file-0.2.2-49v0RQkxTQF1Wq1oAMulzs
Registering library for easy-file-0.2.2..
