Configuring hscolour-1.24.4...
Preprocessing library for hscolour-1.24.4..
Building library for hscolour-1.24.4..
[ 1 of 16] Compiling Language.Haskell.HsColour.Classify ( Language/Haskell/HsColour/Classify.hs, .stack-work/dist/x86_64-osx/Cabal-2.4.0.1/build/Language/Haskell/HsColour/Classify.o )

[;1mLanguage/Haskell/HsColour/Classify.hs:50:39: [;1m[35mwarning:[0m[0m[;1m [[;1m[35m-Wtabs[0m[0m[;1m][0m[0m[;1m
    Tab character found here, and in 7 further locations.
    Please use spaces instead.[0m[0m
[;1m[34m   |[0m[0m
[;1m[34m50 |[0m[0m glue (q:".":n:rest) | isUpper (head q)[;1m[35m  [0m[0m-- qualified names
[;1m[34m   |[0m[0m[;1m[35m                                       ^^[0m[0m
[0m[0m[0m[ 2 of 16] Compiling Language.Haskell.HsColour.ColourHighlight ( Language/Haskell/HsColour/ColourHighlight.hs, .stack-work/dist/x86_64-osx/Cabal-2.4.0.1/build/Language/Haskell/HsColour/ColourHighlight.o )
[ 3 of 16] Compiling Language.Haskell.HsColour.Colourise ( Language/Haskell/HsColour/Colourise.hs, .stack-work/dist/x86_64-osx/Cabal-2.4.0.1/build/Language/Haskell/HsColour/Colourise.o )
[ 4 of 16] Compiling Language.Haskell.HsColour.General ( Language/Haskell/HsColour/General.hs, .stack-work/dist/x86_64-osx/Cabal-2.4.0.1/build/Language/Haskell/HsColour/General.o )
[ 5 of 16] Compiling Language.Haskell.HsColour.Anchors ( Language/Haskell/HsColour/Anchors.hs, .stack-work/dist/x86_64-osx/Cabal-2.4.0.1/build/Language/Haskell/HsColour/Anchors.o )

[;1mLanguage/Haskell/HsColour/Anchors.hs:73:1: [;1m[35mwarning:[0m[0m[;1m [[;1m[35m-Wtabs[0m[0m[;1m][0m[0m[;1m
    Tab character found here, and in four further locations.
    Please use spaces instead.[0m[0m
[;1m[34m   |[0m[0m
[;1m[34m73 |[0m[0m [;1m[35m        [0m[0m              | v `inST` st     -> Nothing
[;1m[34m   |[0m[0m[;1m[35m ^^^^^^^^[0m[0m
[0m[0m[0m[ 6 of 16] Compiling Language.Haskell.HsColour.HTML ( Language/Haskell/HsColour/HTML.hs, .stack-work/dist/x86_64-osx/Cabal-2.4.0.1/build/Language/Haskell/HsColour/HTML.o )
[ 7 of 16] Compiling Language.Haskell.HsColour.CSS ( Language/Haskell/HsColour/CSS.hs, .stack-work/dist/x86_64-osx/Cabal-2.4.0.1/build/Language/Haskell/HsColour/CSS.o )
[ 8 of 16] Compiling Language.Haskell.HsColour.ACSS ( Language/Haskell/HsColour/ACSS.hs, .stack-work/dist/x86_64-osx/Cabal-2.4.0.1/build/Language/Haskell/HsColour/ACSS.o )
[ 9 of 16] Compiling Language.Haskell.HsColour.InlineCSS ( Language/Haskell/HsColour/InlineCSS.hs, .stack-work/dist/x86_64-osx/Cabal-2.4.0.1/build/Language/Haskell/HsColour/InlineCSS.o )

[;1mLanguage/Haskell/HsColour/InlineCSS.hs:12:24: [;1m[35mwarning:[0m[0m[;1m [[;1m[35m-Wtabs[0m[0m[;1m][0m[0m[;1m
    Tab character found here.
    Please use spaces instead.[0m[0m
[;1m[34m   |[0m[0m
[;1m[34m12 |[0m[0m hscolour :: ColourPrefs[;1m[35m [0m[0m-- ^ Preferences for styling.
[;1m[34m   |[0m[0m[;1m[35m                        ^[0m[0m
[0m[0m[0m[10 of 16] Compiling Language.Haskell.HsColour.LaTeX ( Language/Haskell/HsColour/LaTeX.hs, .stack-work/dist/x86_64-osx/Cabal-2.4.0.1/build/Language/Haskell/HsColour/LaTeX.o )
[11 of 16] Compiling Language.Haskell.HsColour.MIRC ( Language/Haskell/HsColour/MIRC.hs, .stack-work/dist/x86_64-osx/Cabal-2.4.0.1/build/Language/Haskell/HsColour/MIRC.o )
[12 of 16] Compiling Language.Haskell.HsColour.Output ( Language/Haskell/HsColour/Output.hs, .stack-work/dist/x86_64-osx/Cabal-2.4.0.1/build/Language/Haskell/HsColour/Output.o )
[13 of 16] Compiling Language.Haskell.HsColour.Options ( Language/Haskell/HsColour/Options.hs, .stack-work/dist/x86_64-osx/Cabal-2.4.0.1/build/Language/Haskell/HsColour/Options.o )

[;1mLanguage/Haskell/HsColour/Options.hs:11:9: [;1m[35mwarning:[0m[0m[;1m [[;1m[35m-Wtabs[0m[0m[;1m][0m[0m[;1m
    Tab character found here, and in 12 further locations.
    Please use spaces instead.[0m[0m
[;1m[34m   |[0m[0m
[;1m[34m11 |[0m[0m     Help[;1m[35m        [0m[0m        -- ^ print usage message
[;1m[34m   |[0m[0m[;1m[35m         ^^^^^^^^[0m[0m
[0m[0m[0m[14 of 16] Compiling Language.Haskell.HsColour.ANSI ( Language/Haskell/HsColour/ANSI.hs, .stack-work/dist/x86_64-osx/Cabal-2.4.0.1/build/Language/Haskell/HsColour/ANSI.o )

[;1mLanguage/Haskell/HsColour/ANSI.hs:62:10: [;1m[35mwarning:[0m[0m[;1m [[;1m[35m-Wmissing-methods[0m[0m[;1m][0m[0m[;1m
    • No explicit implementation for
        ‘toEnum’
    • In the instance declaration for ‘Enum Highlight’[0m[0m
[;1m[34m   |[0m[0m
[;1m[34m62 |[0m[0m instance [;1m[35mEnum Highlight[0m[0m where
[;1m[34m   |[0m[0m[;1m[35m          ^^^^^^^^^^^^^^[0m[0m
[0m[0m[0m[15 of 16] Compiling Language.Haskell.HsColour.TTY ( Language/Haskell/HsColour/TTY.hs, .stack-work/dist/x86_64-osx/Cabal-2.4.0.1/build/Language/Haskell/HsColour/TTY.o )
[16 of 16] Compiling Language.Haskell.HsColour ( Language/Haskell/HsColour.hs, .stack-work/dist/x86_64-osx/Cabal-2.4.0.1/build/Language/Haskell/HsColour.o )

[;1mLanguage/Haskell/HsColour.hs:37:19: [;1m[35mwarning:[0m[0m[;1m [[;1m[35m-Wtabs[0m[0m[;1m][0m[0m[;1m
    Tab character found here, and in two further locations.
    Please use spaces instead.[0m[0m
[;1m[34m   |[0m[0m
[;1m[34m37 |[0m[0m          -> String[;1m[35m      [0m[0m-- ^ Title for output.
[;1m[34m   |[0m[0m[;1m[35m                   ^^^^^^[0m[0m
[0m[0m[0mPreprocessing executable 'HsColour' for hscolour-1.24.4..
Building executable 'HsColour' for hscolour-1.24.4..

[;1m<no location info>: [;1m[35mwarning:[0m[0m[;1m [[;1m[35m-Wmissing-home-modules[0m[0m[;1m][0m[0m[;1m
    These modules are needed for compilation but not listed in your .cabal file's other-modules: 
        Language.Haskell.HsColour
        Language.Haskell.HsColour.ACSS
        Language.Haskell.HsColour.ANSI
        Language.Haskell.HsColour.Anchors
        Language.Haskell.HsColour.CSS
        Language.Haskell.HsColour.Classify
        Language.Haskell.HsColour.ColourHighlight
        Language.Haskell.HsColour.Colourise
        Language.Haskell.HsColour.General
        Language.Haskell.HsColour.HTML
        Language.Haskell.HsColour.InlineCSS
        Language.Haskell.HsColour.LaTeX
        Language.Haskell.HsColour.MIRC
        Language.Haskell.HsColour.Options
        Language.Haskell.HsColour.Output
        Language.Haskell.HsColour.TTY[0m[0m
[0m[0m[0m[ 1 of 17] Compiling Language.Haskell.HsColour.Classify ( Language/Haskell/HsColour/Classify.hs, .stack-work/dist/x86_64-osx/Cabal-2.4.0.1/build/HsColour/HsColour-tmp/Language/Haskell/HsColour/Classify.o )

[;1mLanguage/Haskell/HsColour/Classify.hs:50:39: [;1m[35mwarning:[0m[0m[;1m [[;1m[35m-Wtabs[0m[0m[;1m][0m[0m[;1m
    Tab character found here, and in 7 further locations.
    Please use spaces instead.[0m[0m
[;1m[34m   |[0m[0m
[;1m[34m50 |[0m[0m glue (q:".":n:rest) | isUpper (head q)[;1m[35m  [0m[0m-- qualified names
[;1m[34m   |[0m[0m[;1m[35m                                       ^^[0m[0m
[0m[0m[0m[ 2 of 17] Compiling Language.Haskell.HsColour.ColourHighlight ( Language/Haskell/HsColour/ColourHighlight.hs, .stack-work/dist/x86_64-osx/Cabal-2.4.0.1/build/HsColour/HsColour-tmp/Language/Haskell/HsColour/ColourHighlight.o )
[ 3 of 17] Compiling Language.Haskell.HsColour.Colourise ( Language/Haskell/HsColour/Colourise.hs, .stack-work/dist/x86_64-osx/Cabal-2.4.0.1/build/HsColour/HsColour-tmp/Language/Haskell/HsColour/Colourise.o )
[ 4 of 17] Compiling Language.Haskell.HsColour.General ( Language/Haskell/HsColour/General.hs, .stack-work/dist/x86_64-osx/Cabal-2.4.0.1/build/HsColour/HsColour-tmp/Language/Haskell/HsColour/General.o )
[ 5 of 17] Compiling Language.Haskell.HsColour.Anchors ( Language/Haskell/HsColour/Anchors.hs, .stack-work/dist/x86_64-osx/Cabal-2.4.0.1/build/HsColour/HsColour-tmp/Language/Haskell/HsColour/Anchors.o )

[;1mLanguage/Haskell/HsColour/Anchors.hs:73:1: [;1m[35mwarning:[0m[0m[;1m [[;1m[35m-Wtabs[0m[0m[;1m][0m[0m[;1m
    Tab character found here, and in four further locations.
    Please use spaces instead.[0m[0m
[;1m[34m   |[0m[0m
[;1m[34m73 |[0m[0m [;1m[35m        [0m[0m              | v `inST` st     -> Nothing
[;1m[34m   |[0m[0m[;1m[35m ^^^^^^^^[0m[0m
[0m[0m[0m[ 6 of 17] Compiling Language.Haskell.HsColour.HTML ( Language/Haskell/HsColour/HTML.hs, .stack-work/dist/x86_64-osx/Cabal-2.4.0.1/build/HsColour/HsColour-tmp/Language/Haskell/HsColour/HTML.o )
[ 7 of 17] Compiling Language.Haskell.HsColour.CSS ( Language/Haskell/HsColour/CSS.hs, .stack-work/dist/x86_64-osx/Cabal-2.4.0.1/build/HsColour/HsColour-tmp/Language/Haskell/HsColour/CSS.o )
[ 8 of 17] Compiling Language.Haskell.HsColour.ACSS ( Language/Haskell/HsColour/ACSS.hs, .stack-work/dist/x86_64-osx/Cabal-2.4.0.1/build/HsColour/HsColour-tmp/Language/Haskell/HsColour/ACSS.o )
[ 9 of 17] Compiling Language.Haskell.HsColour.InlineCSS ( Language/Haskell/HsColour/InlineCSS.hs, .stack-work/dist/x86_64-osx/Cabal-2.4.0.1/build/HsColour/HsColour-tmp/Language/Haskell/HsColour/InlineCSS.o )

[;1mLanguage/Haskell/HsColour/InlineCSS.hs:12:24: [;1m[35mwarning:[0m[0m[;1m [[;1m[35m-Wtabs[0m[0m[;1m][0m[0m[;1m
    Tab character found here.
    Please use spaces instead.[0m[0m
[;1m[34m   |[0m[0m
[;1m[34m12 |[0m[0m hscolour :: ColourPrefs[;1m[35m [0m[0m-- ^ Preferences for styling.
[;1m[34m   |[0m[0m[;1m[35m                        ^[0m[0m
[0m[0m[0m[10 of 17] Compiling Language.Haskell.HsColour.LaTeX ( Language/Haskell/HsColour/LaTeX.hs, .stack-work/dist/x86_64-osx/Cabal-2.4.0.1/build/HsColour/HsColour-tmp/Language/Haskell/HsColour/LaTeX.o )
[11 of 17] Compiling Language.Haskell.HsColour.MIRC ( Language/Haskell/HsColour/MIRC.hs, .stack-work/dist/x86_64-osx/Cabal-2.4.0.1/build/HsColour/HsColour-tmp/Language/Haskell/HsColour/MIRC.o )
[12 of 17] Compiling Language.Haskell.HsColour.Output ( Language/Haskell/HsColour/Output.hs, .stack-work/dist/x86_64-osx/Cabal-2.4.0.1/build/HsColour/HsColour-tmp/Language/Haskell/HsColour/Output.o )
[13 of 17] Compiling Language.Haskell.HsColour.Options ( Language/Haskell/HsColour/Options.hs, .stack-work/dist/x86_64-osx/Cabal-2.4.0.1/build/HsColour/HsColour-tmp/Language/Haskell/HsColour/Options.o )

[;1mLanguage/Haskell/HsColour/Options.hs:11:9: [;1m[35mwarning:[0m[0m[;1m [[;1m[35m-Wtabs[0m[0m[;1m][0m[0m[;1m
    Tab character found here, and in 12 further locations.
    Please use spaces instead.[0m[0m
[;1m[34m   |[0m[0m
[;1m[34m11 |[0m[0m     Help[;1m[35m        [0m[0m        -- ^ print usage message
[;1m[34m   |[0m[0m[;1m[35m         ^^^^^^^^[0m[0m
[0m[0m[0m[14 of 17] Compiling Language.Haskell.HsColour.ANSI ( Language/Haskell/HsColour/ANSI.hs, .stack-work/dist/x86_64-osx/Cabal-2.4.0.1/build/HsColour/HsColour-tmp/Language/Haskell/HsColour/ANSI.o )

[;1mLanguage/Haskell/HsColour/ANSI.hs:62:10: [;1m[35mwarning:[0m[0m[;1m [[;1m[35m-Wmissing-methods[0m[0m[;1m][0m[0m[;1m
    • No explicit implementation for
        ‘toEnum’
    • In the instance declaration for ‘Enum Highlight’[0m[0m
[;1m[34m   |[0m[0m
[;1m[34m62 |[0m[0m instance [;1m[35mEnum Highlight[0m[0m where
[;1m[34m   |[0m[0m[;1m[35m          ^^^^^^^^^^^^^^[0m[0m
[0m[0m[0m[15 of 17] Compiling Language.Haskell.HsColour.TTY ( Language/Haskell/HsColour/TTY.hs, .stack-work/dist/x86_64-osx/Cabal-2.4.0.1/build/HsColour/HsColour-tmp/Language/Haskell/HsColour/TTY.o )
[16 of 17] Compiling Language.Haskell.HsColour ( Language/Haskell/HsColour.hs, .stack-work/dist/x86_64-osx/Cabal-2.4.0.1/build/HsColour/HsColour-tmp/Language/Haskell/HsColour.o )

[;1mLanguage/Haskell/HsColour.hs:37:19: [;1m[35mwarning:[0m[0m[;1m [[;1m[35m-Wtabs[0m[0m[;1m][0m[0m[;1m
    Tab character found here, and in two further locations.
    Please use spaces instead.[0m[0m
[;1m[34m   |[0m[0m
[;1m[34m37 |[0m[0m          -> String[;1m[35m      [0m[0m-- ^ Title for output.
[;1m[34m   |[0m[0m[;1m[35m                   ^^^^^^[0m[0m
[0m[0m[0m[17 of 17] Compiling Main             ( HsColour.hs, .stack-work/dist/x86_64-osx/Cabal-2.4.0.1/build/HsColour/HsColour-tmp/Main.o )

[;1mHsColour.hs:72:1: [;1m[35mwarning:[0m[0m[;1m [[;1m[35m-Wtabs[0m[0m[;1m][0m[0m[;1m
    Tab character found here, and in two further locations.
    Please use spaces instead.[0m[0m
[;1m[34m   |[0m[0m
[;1m[34m72 |[0m[0m [;1m[35m        [0m[0m                      [(f, guessLiterate lhs f) | Input f <- good]
[;1m[34m   |[0m[0m[;1m[35m ^^^^^^^^[0m[0m
[0m[0m[0m
[;1m<no location info>: [;1m[35mwarning:[0m[0m[;1m [[;1m[35m-Wmissing-home-modules[0m[0m[;1m][0m[0m[;1m
    These modules are needed for compilation but not listed in your .cabal file's other-modules: 
        Language.Haskell.HsColour
        Language.Haskell.HsColour.ACSS
        Language.Haskell.HsColour.ANSI
        Language.Haskell.HsColour.Anchors
        Language.Haskell.HsColour.CSS
        Language.Haskell.HsColour.Classify
        Language.Haskell.HsColour.ColourHighlight
        Language.Haskell.HsColour.Colourise
        Language.Haskell.HsColour.General
        Language.Haskell.HsColour.HTML
        Language.Haskell.HsColour.InlineCSS
        Language.Haskell.HsColour.LaTeX
        Language.Haskell.HsColour.MIRC
        Language.Haskell.HsColour.Options
        Language.Haskell.HsColour.Output
        Language.Haskell.HsColour.TTY[0m[0m
[0m[0m[0mLinking .stack-work/dist/x86_64-osx/Cabal-2.4.0.1/build/HsColour/HsColour ...
Preprocessing library for hscolour-1.24.4..
Running Haddock on library for hscolour-1.24.4..

Language/Haskell/HsColour/Classify.hs:50:39: warning: [-Wtabs]
    Tab character found here, and in 7 further locations.
    Please use spaces instead.
   |
50 | glue (q:".":n:rest) | isUpper (head q)  -- qualified names
   |                                       ^^

Language/Haskell/HsColour/Anchors.hs:73:1: warning: [-Wtabs]
    Tab character found here, and in four further locations.
    Please use spaces instead.
   |
73 |                       | v `inST` st     -> Nothing
   | ^^^^^^^^

Language/Haskell/HsColour/InlineCSS.hs:12:24: warning: [-Wtabs]
    Tab character found here.
    Please use spaces instead.
   |
12 | hscolour :: ColourPrefs -- ^ Preferences for styling.
   |                        ^

Language/Haskell/HsColour/Options.hs:11:9: warning: [-Wtabs]
    Tab character found here, and in 12 further locations.
    Please use spaces instead.
   |
11 |     Help                -- ^ print usage message
   |         ^^^^^^^^

Language/Haskell/HsColour/ANSI.hs:62:10: warning: [-Wmissing-methods]
    • No explicit implementation for
        ‘toEnum’
    • In the instance declaration for ‘Enum Highlight’
   |
62 | instance Enum Highlight where
   |          ^^^^^^^^^^^^^^

Language/Haskell/HsColour.hs:37:19: warning: [-Wtabs]
    Tab character found here, and in two further locations.
    Please use spaces instead.
   |
37 |          -> String      -- ^ Title for output.
   |                   ^^^^^^
Haddock coverage:
  67% (  2 /  3) in 'Language.Haskell.HsColour.Classify'
  Missing documentation for:
    Module header
  88% (  7 /  8) in 'Language.Haskell.HsColour.ColourHighlight'
  Missing documentation for:
    Module header
  67% (  4 /  6) in 'Language.Haskell.HsColour.Colourise'
  Missing documentation for:
    Module header
    defaultColourPrefs (Language/Haskell/HsColour/Colourise.hs:27)
   0% (  0 /  3) in 'Language.Haskell.HsColour.General'
  Missing documentation for:
    Module header
    dropLast (Language/Haskell/HsColour/General.hs:7)
    dropFirst (Language/Haskell/HsColour/General.hs:13)
  50% (  1 /  2) in 'Language.Haskell.HsColour.Anchors'
  Missing documentation for:
    Module header
  38% (  3 /  8) in 'Language.Haskell.HsColour.HTML'
  Missing documentation for:
    top'n'tail (Language/Haskell/HsColour/HTML.hs:31)
    renderAnchors (Language/Haskell/HsColour/HTML.hs:41)
    renderComment (Language/Haskell/HsColour/HTML.hs:47)
    renderNewLinesAnchors (Language/Haskell/HsColour/HTML.hs:59)
    escape (Language/Haskell/HsColour/HTML.hs:82)
  40% (  2 /  5) in 'Language.Haskell.HsColour.CSS'
  Missing documentation for:
    top'n'tail (Language/Haskell/HsColour/CSS.hs:29)
    renderToken (Language/Haskell/HsColour/CSS.hs:35)
    pre (Language/Haskell/HsColour/CSS.hs:32)
  43% (  3 /  7) in 'Language.Haskell.HsColour.ACSS'
  Missing documentation for:
    AnnMap (Language/Haskell/HsColour/ACSS.hs:24)
    Loc (Language/Haskell/HsColour/ACSS.hs:25)
    breakS (Language/Haskell/HsColour/ACSS.hs:117)
    srcModuleName (Language/Haskell/HsColour/ACSS.hs:107)
  67% (  2 /  3) in 'Language.Haskell.HsColour.InlineCSS'
  Missing documentation for:
    top'n'tail (Language/Haskell/HsColour/InlineCSS.hs:27)
  67% (  2 /  3) in 'Language.Haskell.HsColour.LaTeX'
  Missing documentation for:
    top'n'tail (Language/Haskell/HsColour/LaTeX.hs:15)
 100% (  2 /  2) in 'Language.Haskell.HsColour.MIRC'
  33% (  1 /  3) in 'Language.Haskell.HsColour.Output'
  Missing documentation for:
    Module header
    TerminalType (Language/Haskell/HsColour/Output.hs:3)
  50% (  2 /  4) in 'Language.Haskell.HsColour.Options'
  Missing documentation for:
    Module header
    TerminalType (Language/Haskell/HsColour/Output.hs:3)
  37% ( 10 / 27) in 'Language.Haskell.HsColour.ANSI'
  Missing documentation for:
    highlightOnG (Language/Haskell/HsColour/ANSI.hs:91)
    highlightOff (Language/Haskell/HsColour/ANSI.hs:96)
    cleareol (Language/Haskell/HsColour/ANSI.hs:46)
    clearbol (Language/Haskell/HsColour/ANSI.hs:47)
    clearline (Language/Haskell/HsColour/ANSI.hs:48)
    clearDown (Language/Haskell/HsColour/ANSI.hs:49)
    clearUp (Language/Haskell/HsColour/ANSI.hs:50)
    cursorUp (Language/Haskell/HsColour/ANSI.hs:41)
    cursorDown (Language/Haskell/HsColour/ANSI.hs:42)
    cursorLeft (Language/Haskell/HsColour/ANSI.hs:44)
    cursorRight (Language/Haskell/HsColour/ANSI.hs:43)
    savePosition (Language/Haskell/HsColour/ANSI.hs:55)
    restorePosition (Language/Haskell/HsColour/ANSI.hs:56)
    scrollUp (Language/Haskell/HsColour/ANSI.hs:118)
    scrollDown (Language/Haskell/HsColour/ANSI.hs:116)
    lineWrap (Language/Haskell/HsColour/ANSI.hs:122)
    TerminalType (Language/Haskell/HsColour/Output.hs:3)
 100% (  3 /  3) in 'Language.Haskell.HsColour.TTY'
 100% (  4 /  4) in 'Language.Haskell.HsColour'
Warning: Language.Haskell.HsColour.Anchors: could not find link destinations for:
    Anchor
Documentation created:
.stack-work/dist/x86_64-osx/Cabal-2.4.0.1/doc/html/hscolour/index.html,
.stack-work/dist/x86_64-osx/Cabal-2.4.0.1/doc/html/hscolour/hscolour.txt
Preprocessing executable 'HsColour' for hscolour-1.24.4..
Installing library in /Users/masa/.stack/snapshots/x86_64-osx/lts-13.0/8.6.3/lib/x86_64-osx-ghc-8.6.3/hscolour-1.24.4-BEI90NJLSwF5tw227AM1ae
Installing executable HsColour in /Users/masa/.stack/snapshots/x86_64-osx/lts-13.0/8.6.3/bin
Registering library for hscolour-1.24.4..
