Configuring http-types-0.12.2...
Preprocessing library for http-types-0.12.2..
Building library for http-types-0.12.2..
[1 of 7] Compiling Network.HTTP.Types.Header ( Network/HTTP/Types/Header.hs, .stack-work/dist/x86_64-osx/Cabal-2.4.0.1/build/Network/HTTP/Types/Header.o )
[2 of 7] Compiling Network.HTTP.Types.Method ( Network/HTTP/Types/Method.hs, .stack-work/dist/x86_64-osx/Cabal-2.4.0.1/build/Network/HTTP/Types/Method.o )
[3 of 7] Compiling Network.HTTP.Types.Status ( Network/HTTP/Types/Status.hs, .stack-work/dist/x86_64-osx/Cabal-2.4.0.1/build/Network/HTTP/Types/Status.o )
[4 of 7] Compiling Network.HTTP.Types.URI ( Network/HTTP/Types/URI.hs, .stack-work/dist/x86_64-osx/Cabal-2.4.0.1/build/Network/HTTP/Types/URI.o )
[5 of 7] Compiling Network.HTTP.Types.QueryLike ( Network/HTTP/Types/QueryLike.hs, .stack-work/dist/x86_64-osx/Cabal-2.4.0.1/build/Network/HTTP/Types/QueryLike.o )
[6 of 7] Compiling Network.HTTP.Types.Version ( Network/HTTP/Types/Version.hs, .stack-work/dist/x86_64-osx/Cabal-2.4.0.1/build/Network/HTTP/Types/Version.o )
[7 of 7] Compiling Network.HTTP.Types ( Network/HTTP/Types.hs, .stack-work/dist/x86_64-osx/Cabal-2.4.0.1/build/Network/HTTP/Types.o )
Preprocessing library for http-types-0.12.2..
Running Haddock on library for http-types-0.12.2..
Haddock coverage:
  93% ( 64 / 69) in 'Network.HTTP.Types.Header'
  Missing documentation for:
    Module header
    renderByteRangeBuilder (Network/HTTP/Types/Header.hs:178)
    renderByteRange (Network/HTTP/Types/Header.hs:183)
    renderByteRangesBuilder (Network/HTTP/Types/Header.hs:189)
    renderByteRanges (Network/HTTP/Types/Header.hs:193)
Warning: 'ByteString' is out of scope.
    If you qualify the identifier, haddock can try to link it
    it anyway.
  93% ( 14 / 15) in 'Network.HTTP.Types.Method'
  Missing documentation for:
    Module header
  99% (103 /104) in 'Network.HTTP.Types.Status'
  Missing documentation for:
    Module header
Warning: 'Builder' is out of scope.
    If you qualify the identifier, haddock can try to link it
    it anyway.
Warning: 'ByteString' is out of scope.
    If you qualify the identifier, haddock can try to link it
    it anyway.
  97% ( 36 / 37) in 'Network.HTTP.Types.URI'
  Missing documentation for:
    Module header
  75% (  3 /  4) in 'Network.HTTP.Types.QueryLike'
  Missing documentation for:
    Module header
  83% (  5 /  6) in 'Network.HTTP.Types.Version'
  Missing documentation for:
    Module header
  97% (191 /196) in 'Network.HTTP.Types'
  Missing documentation for:
    Module header
    renderByteRangeBuilder (Network/HTTP/Types/Header.hs:178)
    renderByteRange (Network/HTTP/Types/Header.hs:183)
    renderByteRangesBuilder (Network/HTTP/Types/Header.hs:189)
    renderByteRanges (Network/HTTP/Types/Header.hs:193)
Warning: Network.HTTP.Types.Method: could not find link destinations for:
    unsafeIndex unsafeRangeSize
Warning: Network.HTTP.Types: could not find link destinations for:
    unsafeIndex unsafeRangeSize
Documentation created:
.stack-work/dist/x86_64-osx/Cabal-2.4.0.1/doc/html/http-types/index.html,
.stack-work/dist/x86_64-osx/Cabal-2.4.0.1/doc/html/http-types/http-types.txt
Installing library in /Users/masa/.stack/snapshots/x86_64-osx/lts-13.0/8.6.3/lib/x86_64-osx-ghc-8.6.3/http-types-0.12.2-3GI9ZSQctllDxYJpnDXS0X
Registering library for http-types-0.12.2..
