[1 of 2] Compiling Main             ( /private/var/folders/5r/lbfw3p9117lcgg84pd851jzm0000gn/T/stack-d8b22f266288bc21/network-2.8.0.0/Setup.hs, /private/var/folders/5r/lbfw3p9117lcgg84pd851jzm0000gn/T/stack-d8b22f266288bc21/network-2.8.0.0/.stack-work/dist/x86_64-osx/Cabal-2.4.0.1/setup/Main.o )
[2 of 2] Compiling StackSetupShim   ( /Users/masa/.stack/setup-exe-src/setup-shim-mPHDZzAJ.hs, /private/var/folders/5r/lbfw3p9117lcgg84pd851jzm0000gn/T/stack-d8b22f266288bc21/network-2.8.0.0/.stack-work/dist/x86_64-osx/Cabal-2.4.0.1/setup/StackSetupShim.o )
Linking /private/var/folders/5r/lbfw3p9117lcgg84pd851jzm0000gn/T/stack-d8b22f266288bc21/network-2.8.0.0/.stack-work/dist/x86_64-osx/Cabal-2.4.0.1/setup/setup ...
Configuring network-2.8.0.0...
configure: WARNING: unrecognized options: --with-compiler
checking build system type... x86_64-apple-darwin18.2.0
checking host system type... x86_64-apple-darwin18.2.0
checking for gcc... /usr/bin/gcc
checking whether the C compiler works... yes
checking for C compiler default output file name... a.out
checking for suffix of executables... 
checking whether we are cross compiling... no
checking for suffix of object files... o
checking whether we are using the GNU C compiler... yes
checking whether /usr/bin/gcc accepts -g... yes
checking for /usr/bin/gcc option to accept ISO C89... none needed
checking for an ANSI C-conforming const... yes
checking how to run the C preprocessor... /usr/bin/gcc -E
checking for grep that handles long lines and -e... /usr/bin/grep
checking for egrep... /usr/bin/grep -E
checking for ANSI C header files... yes
checking for sys/types.h... yes
checking for sys/stat.h... yes
checking for stdlib.h... yes
checking for string.h... yes
checking for memory.h... yes
checking for strings.h... yes
checking for inttypes.h... yes
checking for stdint.h... yes
checking for unistd.h... yes
checking fcntl.h usability... yes
checking fcntl.h presence... yes
checking for fcntl.h... yes
checking limits.h usability... yes
checking limits.h presence... yes
checking for limits.h... yes
checking for stdlib.h... (cached) yes
checking for sys/types.h... (cached) yes
checking for unistd.h... (cached) yes
checking winsock2.h usability... no
checking winsock2.h presence... no
checking for winsock2.h... no
checking ws2tcpip.h usability... no
checking ws2tcpip.h presence... no
checking for ws2tcpip.h... no
checking arpa/inet.h usability... yes
checking arpa/inet.h presence... yes
checking for arpa/inet.h... yes
checking netdb.h usability... yes
checking netdb.h presence... yes
checking for netdb.h... yes
checking netinet/in.h usability... yes
checking netinet/in.h presence... yes
checking for netinet/in.h... yes
checking netinet/tcp.h usability... yes
checking netinet/tcp.h presence... yes
checking for netinet/tcp.h... yes
checking sys/socket.h usability... yes
checking sys/socket.h presence... yes
checking for sys/socket.h... yes
checking sys/uio.h usability... yes
checking sys/uio.h presence... yes
checking for sys/uio.h... yes
checking sys/un.h usability... yes
checking sys/un.h presence... yes
checking for sys/un.h... yes
checking linux/can.h usability... no
checking linux/can.h presence... no
checking for linux/can.h... no
checking linux/tcp.h usability... no
checking linux/tcp.h presence... no
checking for linux/tcp.h... no
checking net/if.h usability... yes
checking net/if.h presence... yes
checking for net/if.h... yes
checking for readlink... yes
checking for symlink... yes
checking for if_nametoindex... yes
checking for struct msghdr.msg_control... yes
checking for struct msghdr.msg_accrights... no
checking for struct sockaddr.sa_len... yes
checking for in_addr_t in netinet/in.h... yes
checking for SO_PEERCRED and struct ucred in sys/socket.h... no
checking for getpeereid in unistd.h... checking for getpeereid... yes
checking for _head_libws2_32_a in -lws2_32... no
checking for getaddrinfo... yes
checking for gai_strerror... yes
checking whether AI_ADDRCONFIG is declared... yes
checking whether AI_ALL is declared... yes
checking whether AI_NUMERICSERV is declared... yes
checking whether AI_V4MAPPED is declared... yes
checking whether IPV6_V6ONLY is declared... yes
checking whether IPPROTO_IP is declared... yes
checking whether IPPROTO_TCP is declared... yes
checking whether IPPROTO_IPV6 is declared... yes
checking for sendfile in sys/sendfile.h... no
checking for sendfile in sys/socket.h... yes
checking for gethostent... yes
checking for accept4... no
configure: creating ./config.status
config.status: creating network.buildinfo
config.status: creating include/HsNetworkConfig.h
configure: WARNING: unrecognized options: --with-compiler
Preprocessing library for network-2.8.0.0..
Building library for network-2.8.0.0..
[ 1 of 11] Compiling Network.Socket.ByteString.IOVec ( .stack-work/dist/x86_64-osx/Cabal-2.4.0.1/build/Network/Socket/ByteString/IOVec.hs, .stack-work/dist/x86_64-osx/Cabal-2.4.0.1/build/Network/Socket/ByteString/IOVec.o )
[ 2 of 11] Compiling Network.Socket.Types ( .stack-work/dist/x86_64-osx/Cabal-2.4.0.1/build/Network/Socket/Types.hs, .stack-work/dist/x86_64-osx/Cabal-2.4.0.1/build/Network/Socket/Types.o )
[ 3 of 11] Compiling Network.Socket.Internal ( .stack-work/dist/x86_64-osx/Cabal-2.4.0.1/build/Network/Socket/Internal.hs, .stack-work/dist/x86_64-osx/Cabal-2.4.0.1/build/Network/Socket/Internal.o )
[ 4 of 11] Compiling Network.Socket   ( .stack-work/dist/x86_64-osx/Cabal-2.4.0.1/build/Network/Socket.hs, .stack-work/dist/x86_64-osx/Cabal-2.4.0.1/build/Network/Socket.o )
[ 5 of 11] Compiling Network.Socket.ByteString.MsgHdr ( .stack-work/dist/x86_64-osx/Cabal-2.4.0.1/build/Network/Socket/ByteString/MsgHdr.hs, .stack-work/dist/x86_64-osx/Cabal-2.4.0.1/build/Network/Socket/ByteString/MsgHdr.o )
[ 6 of 11] Compiling Network.Socket.ByteString.Internal ( Network/Socket/ByteString/Internal.hs, .stack-work/dist/x86_64-osx/Cabal-2.4.0.1/build/Network/Socket/ByteString/Internal.o )
[ 7 of 11] Compiling Network.Socket.ByteString.Lazy.Posix ( Network/Socket/ByteString/Lazy/Posix.hs, .stack-work/dist/x86_64-osx/Cabal-2.4.0.1/build/Network/Socket/ByteString/Lazy/Posix.o )
[ 8 of 11] Compiling Network.Socket.ByteString ( .stack-work/dist/x86_64-osx/Cabal-2.4.0.1/build/Network/Socket/ByteString.hs, .stack-work/dist/x86_64-osx/Cabal-2.4.0.1/build/Network/Socket/ByteString.o )
[ 9 of 11] Compiling Network.Socket.ByteString.Lazy ( Network/Socket/ByteString/Lazy.hs, .stack-work/dist/x86_64-osx/Cabal-2.4.0.1/build/Network/Socket/ByteString/Lazy.o )
[10 of 11] Compiling Network.BSD      ( .stack-work/dist/x86_64-osx/Cabal-2.4.0.1/build/Network/BSD.hs, .stack-work/dist/x86_64-osx/Cabal-2.4.0.1/build/Network/BSD.o )
[11 of 11] Compiling Network          ( Network.hs, .stack-work/dist/x86_64-osx/Cabal-2.4.0.1/build/Network.o )
Preprocessing library for network-2.8.0.0..
Running Haddock on library for network-2.8.0.0..
Haddock coverage:
Warning: 'close' is out of scope.
    If you qualify the identifier, haddock can try to link it
    it anyway.
Warning: 'Fd' is out of scope.
    If you qualify the identifier, haddock can try to link it
    it anyway.
Warning: 'bind' is out of scope.
    If you qualify the identifier, haddock can try to link it
    it anyway.
Warning: 'listen' is out of scope.
    If you qualify the identifier, haddock can try to link it
    it anyway.
Warning: 'connect' is out of scope.
    If you qualify the identifier, haddock can try to link it
    it anyway.
Warning: 'accept' is out of scope.
    If you qualify the identifier, haddock can try to link it
    it anyway.
Warning: 'Handle' is out of scope.
    If you qualify the identifier, haddock can try to link it
    it anyway.
Warning: 'socketToHandle' is out of scope.
    If you qualify the identifier, haddock can try to link it
    it anyway.
  94% ( 30 / 32) in 'Network.Socket.Internal'
  Missing documentation for:
    FlowInfo (Network/Socket/Types.hsc:805)
    ScopeID (Network/Socket/Types.hsc:806)
Warning: 'IOError' is ambiguous. It is defined
    * in ‘GHC.IO.Exception’
    * in ‘GHC.IO.Exception’
    You may be able to disambiguate the identifier by qualifying it or
    by hiding some imports.
    Defaulting to 'IOError' defined in ‘GHC.IO.Exception’
  76% ( 98 /129) in 'Network.Socket'
  Missing documentation for:
    ServiceName (Network/Socket.hsc:302)
    AddrInfo (Network/Socket.hsc:1523)
    ShutdownCmd (Network/Socket.hsc:1282)
    ProtocolNumber (Network/Socket/Types.hsc:127)
    getPeerName (Network/Socket.hsc:929)
    getSocketName (Network/Socket.hsc:938)
    hostAddress6ToTuple (Network/Socket/Types.hsc:1035)
    tupleToHostAddress6 (Network/Socket/Types.hsc:1043)
    FlowInfo (Network/Socket/Types.hsc:805)
    ScopeID (Network/Socket/Types.hsc:806)
    defaultPort (Network/Socket.hsc:1235)
    sendFd (Network/Socket.hsc:1204)
    recvLen (Network/Socket.hsc:841)
    inet_addr (Network/Socket.hsc:1392)
    inet_ntoa (Network/Socket.hsc:1402)
    isBound (Network/Socket.hsc:1356)
    isListening (Network/Socket.hsc:1362)
    isReadable (Network/Socket.hsc:1368)
    isWritable (Network/Socket.hsc:1374)
    sIsConnected (Network/Socket.hsc:1916)
    sIsBound (Network/Socket.hsc:1921)
    sIsListening (Network/Socket.hsc:1926)
    sIsReadable (Network/Socket.hsc:1931)
    sIsWritable (Network/Socket.hsc:1936)
    aNY_PORT (Network/Socket.hsc:1232)
    sOMAXCONN (Network/Socket.hsc:1261)
    sOL_SOCKET (Network/Socket.hsc:1265)
    sCM_RIGHTS (Network/Socket.hsc:1270)
    packFamily (Network/Socket/Types.hsc:325)
    unpackFamily (Network/Socket/Types.hsc:541)
    packSocketType (Network/Socket/Types.hsc:206)
Warning: 'sendmsg' is out of scope.
    If you qualify the identifier, haddock can try to link it
    it anyway.
 100% ( 13 / 13) in 'Network.Socket.ByteString'
  71% (  5 /  7) in 'Network.Socket.ByteString.Lazy'
  Missing documentation for:
    send (Network/Socket/ByteString/Lazy/Posix.hs:29)
    sendAll (Network/Socket/ByteString/Lazy/Posix.hs:52)
Warning: 'PortNumber' is ambiguous. It is defined
    * at Network.hs:84:11
    * at Network/Socket/Types.hsc:763:1
    You may be able to disambiguate the identifier by qualifying it or
    by hiding some imports.
    Defaulting to 'PortNumber' defined at Network.hs:82:1
Documentation created:
.stack-work/dist/x86_64-osx/Cabal-2.4.0.1/doc/html/network/index.html,
.stack-work/dist/x86_64-osx/Cabal-2.4.0.1/doc/html/network/network.txt
Installing library in /Users/masa/.stack/snapshots/x86_64-osx/lts-13.0/8.6.3/lib/x86_64-osx-ghc-8.6.3/network-2.8.0.0-AkCJm1aNSYz7ekXKYyI0pF
Registering library for network-2.8.0.0..
