Configuring polyparse-1.12.1...
Preprocessing library for polyparse-1.12.1..
Building library for polyparse-1.12.1..
[ 1 of 18] Compiling Text.ParserCombinators.HuttonMeijer ( src/Text/ParserCombinators/HuttonMeijer.hs, .stack-work/dist/x86_64-osx/Cabal-2.4.0.1/build/Text/ParserCombinators/HuttonMeijer.o )
[ 2 of 18] Compiling Text.ParserCombinators.HuttonMeijerWallace ( src/Text/ParserCombinators/HuttonMeijerWallace.hs, .stack-work/dist/x86_64-osx/Cabal-2.4.0.1/build/Text/ParserCombinators/HuttonMeijerWallace.o )
[ 3 of 18] Compiling Text.ParserCombinators.Poly.Base ( src/Text/ParserCombinators/Poly/Base.hs, .stack-work/dist/x86_64-osx/Cabal-2.4.0.1/build/Text/ParserCombinators/Poly/Base.o )

[;1msrc/Text/ParserCombinators/Poly/Base.hs:3:19: [;1m[35mwarning:[0m[0m[;1m [[;1m[35m-Wtabs[0m[0m[;1m][0m[0m[;1m
    Tab character found here, and in 14 further locations.
    Please use spaces instead.[0m[0m
[;1m[34m  |[0m[0m
[;1m[34m3 |[0m[0m     Commitment(..)[;1m[35m      [0m[0m-- class of all two-level-error values
[;1m[34m  |[0m[0m[;1m[35m                   ^^^^^^[0m[0m
[0m[0m[0m[ 4 of 18] Compiling Text.ParserCombinators.Poly.Result ( src/Text/ParserCombinators/Poly/Result.hs, .stack-work/dist/x86_64-osx/Cabal-2.4.0.1/build/Text/ParserCombinators/Poly/Result.o )

[;1msrc/Text/ParserCombinators/Poly/Result.hs:3:15: [;1m[35mwarning:[0m[0m[;1m [[;1m[35m-Wtabs[0m[0m[;1m][0m[0m[;1m
    Tab character found here.
    Please use spaces instead.[0m[0m
[;1m[34m  |[0m[0m
[;1m[34m3 |[0m[0m     Result(..)[;1m[35m  [0m[0m-- A parsing result type, with Success, Failure, and Commitment.
[;1m[34m  |[0m[0m[;1m[35m               ^^[0m[0m
[0m[0m[0m[ 5 of 18] Compiling Text.ParserCombinators.Poly.Parser ( src/Text/ParserCombinators/Poly/Parser.hs, .stack-work/dist/x86_64-osx/Cabal-2.4.0.1/build/Text/ParserCombinators/Poly/Parser.o )

[;1msrc/Text/ParserCombinators/Poly/Parser.hs:7:14: [;1m[35mwarning:[0m[0m[;1m [[;1m[35m-Wtabs[0m[0m[;1m][0m[0m[;1m
    Tab character found here, and in 8 further locations.
    Please use spaces instead.[0m[0m
[;1m[34m  |[0m[0m
[;1m[34m7 |[0m[0m     Parser(P)[;1m[35m   [0m[0m-- datatype, instance of: Functor, Monad, PolyParse
[;1m[34m  |[0m[0m[;1m[35m              ^^^[0m[0m
[0m[0m[0m[ 6 of 18] Compiling Text.ParserCombinators.Poly.Plain ( src/Text/ParserCombinators/Poly/Plain.hs, .stack-work/dist/x86_64-osx/Cabal-2.4.0.1/build/Text/ParserCombinators/Poly/Plain.o )

[;1msrc/Text/ParserCombinators/Poly/Plain.hs:3:14: [;1m[35mwarning:[0m[0m[;1m [[;1m[35m-Wtabs[0m[0m[;1m][0m[0m[;1m
    Tab character found here, and in 9 further locations.
    Please use spaces instead.[0m[0m
[;1m[34m  |[0m[0m
[;1m[34m3 |[0m[0m     Parser(P)[;1m[35m   [0m[0m-- datatype, instance of: Functor, Monad, PolyParse
[;1m[34m  |[0m[0m[;1m[35m              ^^^[0m[0m
[0m[0m[0m[ 7 of 18] Compiling Text.ParserCombinators.Poly ( src/Text/ParserCombinators/Poly.hs, .stack-work/dist/x86_64-osx/Cabal-2.4.0.1/build/Text/ParserCombinators/Poly.o )
[ 8 of 18] Compiling Text.Parse       ( src/Text/Parse.hs, .stack-work/dist/x86_64-osx/Cabal-2.4.0.1/build/Text/Parse.o )

[;1msrc/Text/Parse.hs:4:15: [;1m[35mwarning:[0m[0m[;1m [[;1m[35m-Wtabs[0m[0m[;1m][0m[0m[;1m
    Tab character found here, and in 12 further locations.
    Please use spaces instead.[0m[0m
[;1m[34m  |[0m[0m
[;1m[34m4 |[0m[0m     TextParser[;1m[35m  [0m[0m-- synonym for Parser Char, i.e. string input, no state
[;1m[34m  |[0m[0m[;1m[35m               ^^[0m[0m
[0m[0m[0m[ 9 of 18] Compiling Text.ParserCombinators.Poly.Lex ( src/Text/ParserCombinators/Poly/Lex.hs, .stack-work/dist/x86_64-osx/Cabal-2.4.0.1/build/Text/ParserCombinators/Poly/Lex.o )

[;1msrc/Text/ParserCombinators/Poly/Lex.hs:93:18: [;1m[35mwarning:[0m[0m[;1m [[;1m[35m-Wtabs[0m[0m[;1m][0m[0m[;1m
    Tab character found here.
    Please use spaces instead.[0m[0m
[;1m[34m   |[0m[0m
[;1m[34m93 |[0m[0m infixl 6 `onFail`[;1m[35m       [0m[0m-- not sure about precedence 6?
[;1m[34m   |[0m[0m[;1m[35m                  ^^^^^^^[0m[0m
[0m[0m[0m[10 of 18] Compiling Text.ParserCombinators.Poly.Lazy ( src/Text/ParserCombinators/Poly/Lazy.hs, .stack-work/dist/x86_64-osx/Cabal-2.4.0.1/build/Text/ParserCombinators/Poly/Lazy.o )

[;1msrc/Text/ParserCombinators/Poly/Lazy.hs:4:14: [;1m[35mwarning:[0m[0m[;1m [[;1m[35m-Wtabs[0m[0m[;1m][0m[0m[;1m
    Tab character found here, and in 8 further locations.
    Please use spaces instead.[0m[0m
[;1m[34m  |[0m[0m
[;1m[34m4 |[0m[0m     Parser(P)[;1m[35m   [0m[0m-- datatype, instance of: Functor, Monad, PolyParse
[;1m[34m  |[0m[0m[;1m[35m              ^^^[0m[0m
[0m[0m[0m[11 of 18] Compiling Text.ParserCombinators.Poly.ByteStringChar ( src/Text/ParserCombinators/Poly/ByteStringChar.hs, .stack-work/dist/x86_64-osx/Cabal-2.4.0.1/build/Text/ParserCombinators/Poly/ByteStringChar.o )
[12 of 18] Compiling Text.Parse.ByteString ( src/Text/Parse/ByteString.hs, .stack-work/dist/x86_64-osx/Cabal-2.4.0.1/build/Text/Parse/ByteString.o )

[;1msrc/Text/Parse/ByteString.hs:5:15: [;1m[35mwarning:[0m[0m[;1m [[;1m[35m-Wtabs[0m[0m[;1m][0m[0m[;1m
    Tab character found here, and in 13 further locations.
    Please use spaces instead.[0m[0m
[;1m[34m  |[0m[0m
[;1m[34m5 |[0m[0m     TextParser[;1m[35m  [0m[0m-- synonym for Text.ParserCombinators.Poly.ByteString
[;1m[34m  |[0m[0m[;1m[35m               ^^[0m[0m
[0m[0m[0m[13 of 18] Compiling Text.ParserCombinators.Poly.ByteString ( src/Text/ParserCombinators/Poly/ByteString.hs, .stack-work/dist/x86_64-osx/Cabal-2.4.0.1/build/Text/ParserCombinators/Poly/ByteString.o )
[14 of 18] Compiling Text.ParserCombinators.Poly.StateParser ( src/Text/ParserCombinators/Poly/StateParser.hs, .stack-work/dist/x86_64-osx/Cabal-2.4.0.1/build/Text/ParserCombinators/Poly/StateParser.o )

[;1msrc/Text/ParserCombinators/Poly/StateParser.hs:7:14: [;1m[35mwarning:[0m[0m[;1m [[;1m[35m-Wtabs[0m[0m[;1m][0m[0m[;1m
    Tab character found here, and in 7 further locations.
    Please use spaces instead.[0m[0m
[;1m[34m  |[0m[0m
[;1m[34m7 |[0m[0m     Parser(P)[;1m[35m   [0m[0m-- datatype, instance of: Functor, Monad, PolyParse
[;1m[34m  |[0m[0m[;1m[35m              ^^^[0m[0m
[0m[0m[0m[15 of 18] Compiling Text.ParserCombinators.Poly.StateLazy ( src/Text/ParserCombinators/Poly/StateLazy.hs, .stack-work/dist/x86_64-osx/Cabal-2.4.0.1/build/Text/ParserCombinators/Poly/StateLazy.o )

[;1msrc/Text/ParserCombinators/Poly/StateLazy.hs:4:14: [;1m[35mwarning:[0m[0m[;1m [[;1m[35m-Wtabs[0m[0m[;1m][0m[0m[;1m
    Tab character found here, and in 8 further locations.
    Please use spaces instead.[0m[0m
[;1m[34m  |[0m[0m
[;1m[34m4 |[0m[0m     Parser(P)[;1m[35m   [0m[0m-- datatype, instance of: Functor, Monad, PolyParse
[;1m[34m  |[0m[0m[;1m[35m              ^^^[0m[0m
[0m[0m[0m[16 of 18] Compiling Text.ParserCombinators.Poly.State ( src/Text/ParserCombinators/Poly/State.hs, .stack-work/dist/x86_64-osx/Cabal-2.4.0.1/build/Text/ParserCombinators/Poly/State.o )

[;1msrc/Text/ParserCombinators/Poly/State.hs:3:14: [;1m[35mwarning:[0m[0m[;1m [[;1m[35m-Wtabs[0m[0m[;1m][0m[0m[;1m
    Tab character found here, and in 8 further locations.
    Please use spaces instead.[0m[0m
[;1m[34m  |[0m[0m
[;1m[34m3 |[0m[0m     Parser(P)[;1m[35m   [0m[0m-- datatype, instance of: Functor, Monad, PolyParse
[;1m[34m  |[0m[0m[;1m[35m              ^^^[0m[0m
[0m[0m[0m[17 of 18] Compiling Text.ParserCombinators.Poly.StateText ( src/Text/ParserCombinators/Poly/StateText.hs, .stack-work/dist/x86_64-osx/Cabal-2.4.0.1/build/Text/ParserCombinators/Poly/StateText.o )
[18 of 18] Compiling Text.ParserCombinators.Poly.Text ( src/Text/ParserCombinators/Poly/Text.hs, .stack-work/dist/x86_64-osx/Cabal-2.4.0.1/build/Text/ParserCombinators/Poly/Text.o )
Preprocessing library for polyparse-1.12.1..
Running Haddock on library for polyparse-1.12.1..

src/Text/ParserCombinators/Poly/Base.hs:3:19: warning: [-Wtabs]
    Tab character found here, and in 14 further locations.
    Please use spaces instead.
  |
3 |     Commitment(..)      -- class of all two-level-error values
  |                   ^^^^^^

src/Text/ParserCombinators/Poly/Result.hs:3:15: warning: [-Wtabs]
    Tab character found here.
    Please use spaces instead.
  |
3 |     Result(..)  -- A parsing result type, with Success, Failure, and Commitment.
  |               ^^

src/Text/ParserCombinators/Poly/Parser.hs:7:14: warning: [-Wtabs]
    Tab character found here, and in 8 further locations.
    Please use spaces instead.
  |
7 |     Parser(P)   -- datatype, instance of: Functor, Monad, PolyParse
  |              ^^^

src/Text/ParserCombinators/Poly/Plain.hs:3:14: warning: [-Wtabs]
    Tab character found here, and in 9 further locations.
    Please use spaces instead.
  |
3 |     Parser(P)   -- datatype, instance of: Functor, Monad, PolyParse
  |              ^^^

src/Text/Parse.hs:4:15: warning: [-Wtabs]
    Tab character found here, and in 12 further locations.
    Please use spaces instead.
  |
4 |     TextParser  -- synonym for Parser Char, i.e. string input, no state
  |               ^^

src/Text/ParserCombinators/Poly/Lex.hs:93:18: warning: [-Wtabs]
    Tab character found here.
    Please use spaces instead.
   |
93 | infixl 6 `onFail`       -- not sure about precedence 6?
   |                  ^^^^^^^

src/Text/ParserCombinators/Poly/Lazy.hs:4:14: warning: [-Wtabs]
    Tab character found here, and in 8 further locations.
    Please use spaces instead.
  |
4 |     Parser(P)   -- datatype, instance of: Functor, Monad, PolyParse
  |              ^^^

src/Text/Parse/ByteString.hs:5:15: warning: [-Wtabs]
    Tab character found here, and in 13 further locations.
    Please use spaces instead.
  |
5 |     TextParser  -- synonym for Text.ParserCombinators.Poly.ByteString
  |               ^^

src/Text/ParserCombinators/Poly/StateParser.hs:7:14: warning: [-Wtabs]
    Tab character found here, and in 7 further locations.
    Please use spaces instead.
  |
7 |     Parser(P)   -- datatype, instance of: Functor, Monad, PolyParse
  |              ^^^

src/Text/ParserCombinators/Poly/StateLazy.hs:4:14: warning: [-Wtabs]
    Tab character found here, and in 8 further locations.
    Please use spaces instead.
  |
4 |     Parser(P)   -- datatype, instance of: Functor, Monad, PolyParse
  |              ^^^

src/Text/ParserCombinators/Poly/State.hs:3:14: warning: [-Wtabs]
    Tab character found here, and in 8 further locations.
    Please use spaces instead.
  |
3 |     Parser(P)   -- datatype, instance of: Functor, Monad, PolyParse
  |              ^^^
Haddock coverage:
   6% (  2 / 36) in 'Text.ParserCombinators.HuttonMeijer'
  Missing documentation for:
    item (src/Text/ParserCombinators/HuttonMeijer.hs:87)
    first (src/Text/ParserCombinators/HuttonMeijer.hs:92)
    papply (src/Text/ParserCombinators/HuttonMeijer.hs:97)
    +++ (src/Text/ParserCombinators/HuttonMeijer.hs:104)
    sat (src/Text/ParserCombinators/HuttonMeijer.hs:107)
    many (src/Text/ParserCombinators/HuttonMeijer.hs:113)
    many1 (src/Text/ParserCombinators/HuttonMeijer.hs:117)
    sepby (src/Text/ParserCombinators/HuttonMeijer.hs:120)
    sepby1 (src/Text/ParserCombinators/HuttonMeijer.hs:123)
    chainl (src/Text/ParserCombinators/HuttonMeijer.hs:126)
    chainl1 (src/Text/ParserCombinators/HuttonMeijer.hs:129)
    chainr (src/Text/ParserCombinators/HuttonMeijer.hs:135)
    chainr1 (src/Text/ParserCombinators/HuttonMeijer.hs:138)
    ops (src/Text/ParserCombinators/HuttonMeijer.hs:144)
    bracket (src/Text/ParserCombinators/HuttonMeijer.hs:147)
    char (src/Text/ParserCombinators/HuttonMeijer.hs:154)
    digit (src/Text/ParserCombinators/HuttonMeijer.hs:157)
    lower (src/Text/ParserCombinators/HuttonMeijer.hs:160)
    upper (src/Text/ParserCombinators/HuttonMeijer.hs:163)
    letter (src/Text/ParserCombinators/HuttonMeijer.hs:166)
    alphanum (src/Text/ParserCombinators/HuttonMeijer.hs:169)
    string (src/Text/ParserCombinators/HuttonMeijer.hs:172)
    ident (src/Text/ParserCombinators/HuttonMeijer.hs:176)
    nat (src/Text/ParserCombinators/HuttonMeijer.hs:179)
    int (src/Text/ParserCombinators/HuttonMeijer.hs:184)
    spaces (src/Text/ParserCombinators/HuttonMeijer.hs:191)
    comment (src/Text/ParserCombinators/HuttonMeijer.hs:194)
    junk (src/Text/ParserCombinators/HuttonMeijer.hs:204)
    skip (src/Text/ParserCombinators/HuttonMeijer.hs:207)
    token (src/Text/ParserCombinators/HuttonMeijer.hs:210)
    natural (src/Text/ParserCombinators/HuttonMeijer.hs:217)
    integer (src/Text/ParserCombinators/HuttonMeijer.hs:220)
    symbol (src/Text/ParserCombinators/HuttonMeijer.hs:223)
    identifier (src/Text/ParserCombinators/HuttonMeijer.hs:226)
  77% ( 24 / 31) in 'Text.ParserCombinators.HuttonMeijerWallace'
  Missing documentation for:
    Parser (src/Text/ParserCombinators/HuttonMeijerWallace.hs:67)
    chainl (src/Text/ParserCombinators/HuttonMeijerWallace.hs:224)
    chainl1 (src/Text/ParserCombinators/HuttonMeijerWallace.hs:228)
    chainr (src/Text/ParserCombinators/HuttonMeijerWallace.hs:234)
    chainr1 (src/Text/ParserCombinators/HuttonMeijerWallace.hs:238)
    ops (src/Text/ParserCombinators/HuttonMeijerWallace.hs:247)
    bracket (src/Text/ParserCombinators/HuttonMeijerWallace.hs:250)
  96% ( 23 / 24) in 'Text.ParserCombinators.Poly.Base'
  Missing documentation for:
    Module header
  75% (  3 /  4) in 'Text.ParserCombinators.Poly.Result'
  Missing documentation for:
    Module header
 100% ( 12 / 12) in 'Text.ParserCombinators.Poly.Parser'
  94% ( 15 / 16) in 'Text.ParserCombinators.Poly.Plain'
  Missing documentation for:
    Module header
  50% (  1 /  2) in 'Text.ParserCombinators.Poly'
  Missing documentation for:
    Module header
  77% ( 23 / 30) in 'Text.Parse'
  Missing documentation for:
    Module header
    parseSigned (src/Text/Parse.hs:229)
    parseInt (src/Text/Parse.hs:234)
    parseDec (src/Text/Parse.hs:242)
    parseOct (src/Text/Parse.hs:242)
    parseHex (src/Text/Parse.hs:242)
    parseFloat (src/Text/Parse.hs:247)
 100% ( 16 / 16) in 'Text.ParserCombinators.Poly.Lex'
  94% ( 15 / 16) in 'Text.ParserCombinators.Poly.Lazy'
  Missing documentation for:
    Module header
  94% ( 16 / 17) in 'Text.ParserCombinators.Poly.ByteStringChar'
  Missing documentation for:
    Module header
  97% ( 31 / 32) in 'Text.Parse.ByteString'
  Missing documentation for:
    Module header
  94% ( 16 / 17) in 'Text.ParserCombinators.Poly.ByteString'
  Missing documentation for:
    Module header
 100% ( 15 / 15) in 'Text.ParserCombinators.Poly.StateParser'
  94% ( 33 / 35) in 'Text.ParserCombinators.Poly.StateLazy'
  Missing documentation for:
    Module header
    manyFinally (src/Text/ParserCombinators/Poly/StateLazy.hs:142)
  95% ( 18 / 19) in 'Text.ParserCombinators.Poly.State'
  Missing documentation for:
    Module header
  95% ( 21 / 22) in 'Text.ParserCombinators.Poly.StateText'
  Missing documentation for:
    Module header
  94% ( 17 / 18) in 'Text.ParserCombinators.Poly.Text'
  Missing documentation for:
    Module header
Warning: Text.ParserCombinators.HuttonMeijer: could not find link destinations for:
    Token
Warning: Text.ParserCombinators.HuttonMeijerWallace: could not find link destinations for:
    ParseResult
Documentation created:
.stack-work/dist/x86_64-osx/Cabal-2.4.0.1/doc/html/polyparse/index.html,
.stack-work/dist/x86_64-osx/Cabal-2.4.0.1/doc/html/polyparse/polyparse.txt
Installing library in /Users/masa/.stack/snapshots/x86_64-osx/lts-13.0/8.6.3/lib/x86_64-osx-ghc-8.6.3/polyparse-1.12.1-FeZxex5koKh2BIaglzjzIj
Registering library for polyparse-1.12.1..
