Configuring process-extras-0.7.4...
Preprocessing library for process-extras-0.7.4..
Building library for process-extras-0.7.4..
[ 1 of 10] Compiling Utils            ( src/Utils.hs, .stack-work/dist/x86_64-osx/Cabal-2.4.0.1/build/Utils.o )
[ 2 of 10] Compiling System.Process.Common ( src/System/Process/Common.hs, .stack-work/dist/x86_64-osx/Cabal-2.4.0.1/build/System/Process/Common.o )
[ 3 of 10] Compiling System.Process.Text.Lazy ( src/System/Process/Text/Lazy.hs, .stack-work/dist/x86_64-osx/Cabal-2.4.0.1/build/System/Process/Text/Lazy.o )
[ 4 of 10] Compiling System.Process.Text.Builder ( src/System/Process/Text/Builder.hs, .stack-work/dist/x86_64-osx/Cabal-2.4.0.1/build/System/Process/Text/Builder.o )
[ 5 of 10] Compiling System.Process.Text ( src/System/Process/Text.hs, .stack-work/dist/x86_64-osx/Cabal-2.4.0.1/build/System/Process/Text.o )
[ 6 of 10] Compiling System.Process.Chars ( src/System/Process/Chars.hs, .stack-work/dist/x86_64-osx/Cabal-2.4.0.1/build/System/Process/Chars.o )
[ 7 of 10] Compiling System.Process.ByteString.Lazy ( src/System/Process/ByteString/Lazy.hs, .stack-work/dist/x86_64-osx/Cabal-2.4.0.1/build/System/Process/ByteString/Lazy.o )
[ 8 of 10] Compiling System.Process.ByteString ( src/System/Process/ByteString.hs, .stack-work/dist/x86_64-osx/Cabal-2.4.0.1/build/System/Process/ByteString.o )
[ 9 of 10] Compiling System.Process.ListLike ( src/System/Process/ListLike.hs, .stack-work/dist/x86_64-osx/Cabal-2.4.0.1/build/System/Process/ListLike.o )
[10 of 10] Compiling System.Process.Run ( src/System/Process/Run.hs, .stack-work/dist/x86_64-osx/Cabal-2.4.0.1/build/System/Process/Run.o )
Preprocessing library for process-extras-0.7.4..
Running Haddock on library for process-extras-0.7.4..
Haddock coverage:
  36% (  4 / 11) in 'System.Process.Common'
  Missing documentation for:
    Module header
    ProcessMaker (src/System/Process/Common.hs:49)
    ProcessText (src/System/Process/Common.hs:74)
    ProcessResult (src/System/Process/Common.hs:76)
    readCreateProcessWithExitCode (src/System/Process/Common.hs:123)
    readCreateProcessStrict (src/System/Process/Common.hs:130)
    showCmdSpecForUser (src/System/Process/Common.hs:232)
  33% (  1 /  3) in 'System.Process.Text.Lazy'
  Missing documentation for:
    Module header
    readCreateProcessWithExitCode (src/System/Process/Text/Lazy.hs:32)
Warning: 'Text' is out of scope.
    If you qualify the identifier, haddock can try to link it
    it anyway.
  33% (  1 /  3) in 'System.Process.Text.Builder'
  Missing documentation for:
    Module header
    readCreateProcessWithExitCode (src/System/Process/Text/Builder.hs:31)
  33% (  1 /  3) in 'System.Process.Text'
  Missing documentation for:
    Module header
    readCreateProcessWithExitCode (src/System/Process/Text.hs:31)
Warning: 'Text' is out of scope.
    If you qualify the identifier, haddock can try to link it
    it anyway.
  33% (  1 /  3) in 'System.Process.Chars'
  Missing documentation for:
    Module header
    readCreateProcessWithExitCode (src/System/Process/Chars.hs:31)
  33% (  1 /  3) in 'System.Process.ByteString.Lazy'
  Missing documentation for:
    Module header
    readCreateProcessWithExitCode (src/System/Process/ByteString/Lazy.hs:39)
  33% (  1 /  3) in 'System.Process.ByteString'
  Missing documentation for:
    Module header
    readCreateProcessWithExitCode (src/System/Process/ByteString.hs:38)
Warning: 'ProcessOutput' is out of scope.
    If you qualify the identifier, haddock can try to link it
    it anyway.
  59% ( 16 / 27) in 'System.Process.ListLike'
  Missing documentation for:
    ProcessText (src/System/Process/Common.hs:74)
    ProcessResult (src/System/Process/Common.hs:76)
    ProcessMaker (src/System/Process/Common.hs:49)
    readCreateProcess (src/System/Process/ListLike.hs:68)
    readCreateProcessStrict (src/System/Process/Common.hs:130)
    readCreateProcessWithExitCode (src/System/Process/Common.hs:123)
    showCmdSpecForUser (src/System/Process/Common.hs:232)
    foldOutput (src/System/Process/ListLike.hs:113)
    writeChunk (src/System/Process/ListLike.hs:139)
    CmdSpec
    CreateProcess
  40% ( 10 / 25) in 'System.Process.Run'
  Missing documentation for:
    RunT (src/System/Process/Run.hs:74)
    runT (src/System/Process/Run.hs:91)
    OutputStyle (src/System/Process/Run.hs:94)
    RunM (src/System/Process/Run.hs:76)
    echoStart (src/System/Process/Run.hs:128)
    echoEnd (src/System/Process/Run.hs:131)
    output (src/System/Process/Run.hs:134)
    silent (src/System/Process/Run.hs:137)
    dots (src/System/Process/Run.hs:140)
    quieter (src/System/Process/Run.hs:173)
    noisier (src/System/Process/Run.hs:176)
    lazy (src/System/Process/Run.hs:182)
    strict (src/System/Process/Run.hs:179)
    message (src/System/Process/Run.hs:185)
    run (src/System/Process/Run.hs:211)
Warning: System.Process.Run: could not find link destinations for:
    Dot
Documentation created:
.stack-work/dist/x86_64-osx/Cabal-2.4.0.1/doc/html/process-extras/index.html,
.stack-work/dist/x86_64-osx/Cabal-2.4.0.1/doc/html/process-extras/process-extras.txt
Installing library in /Users/masa/.stack/snapshots/x86_64-osx/lts-13.0/8.6.3/lib/x86_64-osx-ghc-8.6.3/process-extras-0.7.4-6TwyYK9B1sBF38Qu40lDF5
Registering library for process-extras-0.7.4..
