Configuring QuickCheck-2.12.6.1...
Preprocessing library for QuickCheck-2.12.6.1..
Building library for QuickCheck-2.12.6.1..
[ 1 of 16] Compiling Test.QuickCheck.Exception ( Test/QuickCheck/Exception.hs, .stack-work/dist/x86_64-osx/Cabal-2.4.0.1/build/Test/QuickCheck/Exception.o )
[ 2 of 16] Compiling Test.QuickCheck.Random ( Test/QuickCheck/Random.hs, .stack-work/dist/x86_64-osx/Cabal-2.4.0.1/build/Test/QuickCheck/Random.o )
[ 3 of 16] Compiling Test.QuickCheck.Gen ( Test/QuickCheck/Gen.hs, .stack-work/dist/x86_64-osx/Cabal-2.4.0.1/build/Test/QuickCheck/Gen.o )
[ 4 of 16] Compiling Test.QuickCheck.Gen.Unsafe ( Test/QuickCheck/Gen/Unsafe.hs, .stack-work/dist/x86_64-osx/Cabal-2.4.0.1/build/Test/QuickCheck/Gen/Unsafe.o )
[ 5 of 16] Compiling Test.QuickCheck.Arbitrary ( Test/QuickCheck/Arbitrary.hs, .stack-work/dist/x86_64-osx/Cabal-2.4.0.1/build/Test/QuickCheck/Arbitrary.o )
[ 6 of 16] Compiling Test.QuickCheck.Poly ( Test/QuickCheck/Poly.hs, .stack-work/dist/x86_64-osx/Cabal-2.4.0.1/build/Test/QuickCheck/Poly.o )
[ 7 of 16] Compiling Test.QuickCheck.Modifiers ( Test/QuickCheck/Modifiers.hs, .stack-work/dist/x86_64-osx/Cabal-2.4.0.1/build/Test/QuickCheck/Modifiers.o )
[ 8 of 16] Compiling Test.QuickCheck.Function ( Test/QuickCheck/Function.hs, .stack-work/dist/x86_64-osx/Cabal-2.4.0.1/build/Test/QuickCheck/Function.o )
[ 9 of 16] Compiling Test.QuickCheck.Text ( Test/QuickCheck/Text.hs, .stack-work/dist/x86_64-osx/Cabal-2.4.0.1/build/Test/QuickCheck/Text.o )
[10 of 16] Compiling Test.QuickCheck.State ( Test/QuickCheck/State.hs, .stack-work/dist/x86_64-osx/Cabal-2.4.0.1/build/Test/QuickCheck/State.o )
[11 of 16] Compiling Test.QuickCheck.Property ( Test/QuickCheck/Property.hs, .stack-work/dist/x86_64-osx/Cabal-2.4.0.1/build/Test/QuickCheck/Property.o )
[12 of 16] Compiling Test.QuickCheck.Test ( Test/QuickCheck/Test.hs, .stack-work/dist/x86_64-osx/Cabal-2.4.0.1/build/Test/QuickCheck/Test.o )
[13 of 16] Compiling Test.QuickCheck.Monadic ( Test/QuickCheck/Monadic.hs, .stack-work/dist/x86_64-osx/Cabal-2.4.0.1/build/Test/QuickCheck/Monadic.o )
[14 of 16] Compiling Test.QuickCheck.All ( Test/QuickCheck/All.hs, .stack-work/dist/x86_64-osx/Cabal-2.4.0.1/build/Test/QuickCheck/All.o )
[15 of 16] Compiling Test.QuickCheck.Features ( Test/QuickCheck/Features.hs, .stack-work/dist/x86_64-osx/Cabal-2.4.0.1/build/Test/QuickCheck/Features.o )
[16 of 16] Compiling Test.QuickCheck  ( Test/QuickCheck.hs, .stack-work/dist/x86_64-osx/Cabal-2.4.0.1/build/Test/QuickCheck.o )
Preprocessing library for QuickCheck-2.12.6.1..
Running Haddock on library for QuickCheck-2.12.6.1..
Haddock coverage:
Warning: 'a' is out of scope.
    If you qualify the identifier, haddock can try to link it
    it anyway.
Warning: 'stdout' is out of scope.
    If you qualify the identifier, haddock can try to link it
    it anyway.
 100% ( 28 / 28) in 'Test.QuickCheck.Gen'
  80% (  4 /  5) in 'Test.QuickCheck.Gen.Unsafe'
  Missing documentation for:
    Capture (Test/QuickCheck/Gen/Unsafe.hs:53)
Warning: 'label' is out of scope.
    If you qualify the identifier, haddock can try to link it
    it anyway.
Warning: 'classify' is out of scope.
    If you qualify the identifier, haddock can try to link it
    it anyway.
  92% ( 44 / 48) in 'Test.QuickCheck.Arbitrary'
  Missing documentation for:
    arbitrary1 (Test/QuickCheck/Arbitrary.hs:277)
    shrink1 (Test/QuickCheck/Arbitrary.hs:280)
    arbitrary2 (Test/QuickCheck/Arbitrary.hs:289)
    shrink2 (Test/QuickCheck/Arbitrary.hs:292)
  14% (  1 /  7) in 'Test.QuickCheck.Poly'
  Missing documentation for:
    A (Test/QuickCheck/Poly.hs:29)
    B (Test/QuickCheck/Poly.hs:44)
    C (Test/QuickCheck/Poly.hs:59)
    OrdA (Test/QuickCheck/Poly.hs:77)
    OrdB (Test/QuickCheck/Poly.hs:112)
    OrdC (Test/QuickCheck/Poly.hs:146)
Warning: 'A' is out of scope.
    If you qualify the identifier, haddock can try to link it
    it anyway.
Warning: 'forAll' is out of scope.
    If you qualify the identifier, haddock can try to link it
    it anyway.
Warning: 'OrdA' is out of scope.
    If you qualify the identifier, haddock can try to link it
    it anyway.
  95% ( 19 / 20) in 'Test.QuickCheck.Modifiers'
  Missing documentation for:
    ShrinkState (Test/QuickCheck/Modifiers.hs:447)
 100% ( 16 / 16) in 'Test.QuickCheck.Function'
Warning: 'checkCoverage' is out of scope.
    If you qualify the identifier, haddock can try to link it
    it anyway.
Warning: 'cover' is out of scope.
    If you qualify the identifier, haddock can try to link it
    it anyway.
Warning: 'table' is out of scope.
    If you qualify the identifier, haddock can try to link it
    it anyway.
Warning: 'tabular' is out of scope.
    If you qualify the identifier, haddock can try to link it
    it anyway.
Warning: 'p1' is out of scope.
    If you qualify the identifier, haddock can try to link it
    it anyway.
Warning: 'p2' is out of scope.
    If you qualify the identifier, haddock can try to link it
    it anyway.
Warning: 'stdout' is out of scope.
    If you qualify the identifier, haddock can try to link it
    it anyway.
  78% ( 14 / 18) in 'Test.QuickCheck.Monadic'
  Missing documentation for:
    stop (Test/QuickCheck/Monadic.hs:141)
    monadic (Test/QuickCheck/Monadic.hs:228)
    monadic' (Test/QuickCheck/Monadic.hs:231)
    runSTGen (Test/QuickCheck/Monadic.hs:270)
 100% ( 10 / 10) in 'Test.QuickCheck.All'
Warning: 'A' is out of scope.
    If you qualify the identifier, haddock can try to link it
    it anyway.
Warning: 'OrdA' is out of scope.
    If you qualify the identifier, haddock can try to link it
    it anyway.
  97% (184 /189) in 'Test.QuickCheck'
  Missing documentation for:
    arbitrary1 (Test/QuickCheck/Arbitrary.hs:277)
    shrink1 (Test/QuickCheck/Arbitrary.hs:280)
    arbitrary2 (Test/QuickCheck/Arbitrary.hs:289)
    shrink2 (Test/QuickCheck/Arbitrary.hs:292)
    ShrinkState (Test/QuickCheck/Modifiers.hs:447)
Warning: Test.QuickCheck.Gen: could not find link destinations for:
    QCGen
Warning: Test.QuickCheck.Arbitrary: could not find link destinations for:
    GCoArbitrary RecursivelyShrink GSubterms gSubterms gSubtermsIncl
Warning: Test.QuickCheck.Modifiers: could not find link destinations for:
    InfiniteListInternalData unsafeIndex unsafeRangeSize
Warning: Test.QuickCheck.Function: could not find link destinations for:
    Shrunk GFunction
Warning: Test.QuickCheck: could not find link destinations for:
    QCGen AnException RecursivelyShrink GSubterms Shrunk GFunction GCoArbitrary InfiniteListInternalData unsafeIndex unsafeRangeSize
Documentation created:
.stack-work/dist/x86_64-osx/Cabal-2.4.0.1/doc/html/QuickCheck/index.html,
.stack-work/dist/x86_64-osx/Cabal-2.4.0.1/doc/html/QuickCheck/QuickCheck.txt
Installing library in /Users/masa/.stack/snapshots/x86_64-osx/lts-13.0/8.6.3/lib/x86_64-osx-ghc-8.6.3/QuickCheck-2.12.6.1-DGJppTkvkJH851oWd3mp4K
Registering library for QuickCheck-2.12.6.1..
