Configuring strict-0.3.2...
clang: warning: argument unused during compilation: '-nopie' [-Wunused-command-line-argument]
Preprocessing library for strict-0.3.2..
Building library for strict-0.3.2..

[;1mData/Strict/Tuple.hs:17:16: [;1m[35mwarning:[0m[0m[;1m[0m[0m[;1m
    -fglasgow-exts is deprecated: Use individual extensions instead[0m[0m
[;1m[34m   |[0m[0m
[;1m[34m17 |[0m[0m {-# OPTIONS_GHC[;1m[35m -fglasgow-exts [0m[0m#-}
[;1m[34m   |[0m[0m[;1m[35m                ^^^^^^^^^^^^^^^^[0m[0m
[0m[0m[0m[1 of 5] Compiling Data.Strict.Either ( Data/Strict/Either.hs, .stack-work/dist/x86_64-osx/Cabal-2.2.0.1/build/Data/Strict/Either.o )
[2 of 5] Compiling Data.Strict.Maybe ( Data/Strict/Maybe.hs, .stack-work/dist/x86_64-osx/Cabal-2.2.0.1/build/Data/Strict/Maybe.o )
[3 of 5] Compiling Data.Strict.Tuple ( Data/Strict/Tuple.hs, .stack-work/dist/x86_64-osx/Cabal-2.2.0.1/build/Data/Strict/Tuple.o )
[4 of 5] Compiling Data.Strict      ( Data/Strict.hs, .stack-work/dist/x86_64-osx/Cabal-2.2.0.1/build/Data/Strict.o )
[5 of 5] Compiling System.IO.Strict ( System/IO/Strict.hs, .stack-work/dist/x86_64-osx/Cabal-2.2.0.1/build/System/IO/Strict.o )
Preprocessing library for strict-0.3.2..
Running Haddock on library for strict-0.3.2..

Data/Strict/Tuple.hs:17:16: warning:
    -fglasgow-exts is deprecated: Use individual extensions instead
   |
17 | {-# OPTIONS_GHC -fglasgow-exts #-}
   |                ^^^^^^^^^^^^^^^^
Haddock coverage:
 100% (  7 /  7) in 'Data.Strict.Either'
 100% (  7 /  7) in 'Data.Strict.Maybe'
  86% (  6 /  7) in 'Data.Strict.Tuple'
  Missing documentation for:
    :!: (Data/Strict/Tuple.hs:43)
 100% (  4 /  4) in 'Data.Strict'
 100% (  7 /  7) in 'System.IO.Strict'
Warning: Data.Strict.Tuple: could not find link destinations for:
    unsafeIndex unsafeRangeSize
Documentation created:
.stack-work/dist/x86_64-osx/Cabal-2.2.0.1/doc/html/strict/index.html,
.stack-work/dist/x86_64-osx/Cabal-2.2.0.1/doc/html/strict/strict.txt
Installing library in /Users/masa/.stack/snapshots/x86_64-osx/lts-12.25/8.4.4/lib/x86_64-osx-ghc-8.4.4/strict-0.3.2-FUXfVuv1I9pDkeq770AklR
Registering library for strict-0.3.2..
