Configuring tagged-0.8.5...
clang: warning: argument unused during compilation: '-nopie' [-Wunused-command-line-argument]
Preprocessing library for tagged-0.8.5..
Building library for tagged-0.8.5..
[1 of 2] Compiling Data.Proxy.TH    ( src/Data/Proxy/TH.hs, .stack-work/dist/x86_64-osx/Cabal-2.2.0.1/build/Data/Proxy/TH.o )
[2 of 2] Compiling Data.Tagged      ( src/Data/Tagged.hs, .stack-work/dist/x86_64-osx/Cabal-2.2.0.1/build/Data/Tagged.o )
Preprocessing library for tagged-0.8.5..
Running Haddock on library for tagged-0.8.5..
Haddock coverage:
  67% (  2 /  3) in 'Data.Proxy.TH'
  Missing documentation for:
    Module header
  93% ( 14 / 15) in 'Data.Tagged'
  Missing documentation for:
    witness (src/Data/Tagged.hs:451)
Warning: Data.Tagged: could not find link destinations for:
    unsafeIndex unsafeRangeSize
Documentation created:
.stack-work/dist/x86_64-osx/Cabal-2.2.0.1/doc/html/tagged/index.html,
.stack-work/dist/x86_64-osx/Cabal-2.2.0.1/doc/html/tagged/tagged.txt
Installing library in /Users/masa/.stack/snapshots/x86_64-osx/lts-12.25/8.4.4/lib/x86_64-osx-ghc-8.4.4/tagged-0.8.5-4K9kIYSwDGR863J7NMxdyP
Registering library for tagged-0.8.5..
