Configuring tagged-0.8.6...
Preprocessing library for tagged-0.8.6..
Building library for tagged-0.8.6..
[1 of 2] Compiling Data.Proxy.TH    ( src/Data/Proxy/TH.hs, .stack-work/dist/x86_64-osx/Cabal-2.4.0.1/build/Data/Proxy/TH.o )
[2 of 2] Compiling Data.Tagged      ( src/Data/Tagged.hs, .stack-work/dist/x86_64-osx/Cabal-2.4.0.1/build/Data/Tagged.o )
Preprocessing library for tagged-0.8.6..
Running Haddock on library for tagged-0.8.6..
Haddock coverage:
Warning: 'Proxy' is out of scope.
    If you qualify the identifier, haddock can try to link it
    it anyway.
  67% (  2 /  3) in 'Data.Proxy.TH'
  Missing documentation for:
    Module header
  93% ( 14 / 15) in 'Data.Tagged'
  Missing documentation for:
    witness (src/Data/Tagged.hs:451)
Warning: Data.Tagged: could not find link destinations for:
    unsafeIndex unsafeRangeSize
Documentation created:
.stack-work/dist/x86_64-osx/Cabal-2.4.0.1/doc/html/tagged/index.html,
.stack-work/dist/x86_64-osx/Cabal-2.4.0.1/doc/html/tagged/tagged.txt
Installing library in /Users/masa/.stack/snapshots/x86_64-osx/lts-13.0/8.6.3/lib/x86_64-osx-ghc-8.6.3/tagged-0.8.6-CAGIOj1cv5J42b7wUKOeE3
Registering library for tagged-0.8.6..
