Configuring uniplate-1.6.12...
Preprocessing library for uniplate-1.6.12..
Building library for uniplate-1.6.12..
[ 1 of 21] Compiling Data.Generics.Uniplate.Data.Instances ( Data/Generics/Uniplate/Data/Instances.hs, .stack-work/dist/x86_64-osx/Cabal-2.4.0.1/build/Data/Generics/Uniplate/Data/Instances.o )
[ 2 of 21] Compiling Data.Generics.Uniplate.Internal.Utils ( Data/Generics/Uniplate/Internal/Utils.hs, .stack-work/dist/x86_64-osx/Cabal-2.4.0.1/build/Data/Generics/Uniplate/Internal/Utils.o )
[ 3 of 21] Compiling Data.Generics.Uniplate ( Data/Generics/Uniplate.hs, .stack-work/dist/x86_64-osx/Cabal-2.4.0.1/build/Data/Generics/Uniplate.o )
[ 4 of 21] Compiling Data.Generics.Str ( Data/Generics/Str.hs, .stack-work/dist/x86_64-osx/Cabal-2.4.0.1/build/Data/Generics/Str.o )
[ 5 of 21] Compiling Data.Generics.Uniplate.Internal.DataOnlyOperations ( Data/Generics/Uniplate/Internal/DataOnlyOperations.hs, .stack-work/dist/x86_64-osx/Cabal-2.4.0.1/build/Data/Generics/Uniplate/Internal/DataOnlyOperations.o )
[ 6 of 21] Compiling Data.Generics.Uniplate.Internal.Data ( Data/Generics/Uniplate/Internal/Data.hs, .stack-work/dist/x86_64-osx/Cabal-2.4.0.1/build/Data/Generics/Uniplate/Internal/Data.o )
[ 7 of 21] Compiling Data.Generics.Uniplate.DataOnly ( Data/Generics/Uniplate/DataOnly.hs, .stack-work/dist/x86_64-osx/Cabal-2.4.0.1/build/Data/Generics/Uniplate/DataOnly.o )
[ 8 of 21] Compiling Data.Generics.Uniplate.Operations ( Data/Generics/Uniplate/Operations.hs, .stack-work/dist/x86_64-osx/Cabal-2.4.0.1/build/Data/Generics/Uniplate/Operations.o )
[ 9 of 21] Compiling Data.Generics.Uniplate.Direct ( Data/Generics/Uniplate/Direct.hs, .stack-work/dist/x86_64-osx/Cabal-2.4.0.1/build/Data/Generics/Uniplate/Direct.o )
[10 of 21] Compiling Data.Generics.Uniplate.Data ( Data/Generics/Uniplate/Data.hs, .stack-work/dist/x86_64-osx/Cabal-2.4.0.1/build/Data/Generics/Uniplate/Data.o )
[11 of 21] Compiling Data.Generics.SYB ( Data/Generics/SYB.hs, .stack-work/dist/x86_64-osx/Cabal-2.4.0.1/build/Data/Generics/SYB.o )
[12 of 21] Compiling Data.Generics.Compos ( Data/Generics/Compos.hs, .stack-work/dist/x86_64-osx/Cabal-2.4.0.1/build/Data/Generics/Compos.o )
[13 of 21] Compiling Data.Generics.Uniplate.Typeable ( Data/Generics/Uniplate/Typeable.hs, .stack-work/dist/x86_64-osx/Cabal-2.4.0.1/build/Data/Generics/Uniplate/Typeable.o )
[14 of 21] Compiling Data.Generics.Uniplate.Zipper ( Data/Generics/Uniplate/Zipper.hs, .stack-work/dist/x86_64-osx/Cabal-2.4.0.1/build/Data/Generics/Uniplate/Zipper.o )
[15 of 21] Compiling Data.Generics.UniplateOn ( Data/Generics/UniplateOn.hs, .stack-work/dist/x86_64-osx/Cabal-2.4.0.1/build/Data/Generics/UniplateOn.o )
[16 of 21] Compiling Data.Generics.UniplateStr ( Data/Generics/UniplateStr.hs, .stack-work/dist/x86_64-osx/Cabal-2.4.0.1/build/Data/Generics/UniplateStr.o )
[17 of 21] Compiling Data.Generics.UniplateStrOn ( Data/Generics/UniplateStrOn.hs, .stack-work/dist/x86_64-osx/Cabal-2.4.0.1/build/Data/Generics/UniplateStrOn.o )
[18 of 21] Compiling Data.Generics.Biplate ( Data/Generics/Biplate.hs, .stack-work/dist/x86_64-osx/Cabal-2.4.0.1/build/Data/Generics/Biplate.o )
[19 of 21] Compiling Data.Generics.PlateTypeable ( Data/Generics/PlateTypeable.hs, .stack-work/dist/x86_64-osx/Cabal-2.4.0.1/build/Data/Generics/PlateTypeable.o )
[20 of 21] Compiling Data.Generics.PlateDirect ( Data/Generics/PlateDirect.hs, .stack-work/dist/x86_64-osx/Cabal-2.4.0.1/build/Data/Generics/PlateDirect.o )
[21 of 21] Compiling Data.Generics.PlateData ( Data/Generics/PlateData.hs, .stack-work/dist/x86_64-osx/Cabal-2.4.0.1/build/Data/Generics/PlateData.o )
Preprocessing library for uniplate-1.6.12..
Running Haddock on library for uniplate-1.6.12..
Haddock coverage:
Warning: 'create' is out of scope.
    If you qualify the identifier, haddock can try to link it
    it anyway.
Warning: 'inv' is out of scope.
    If you qualify the identifier, haddock can try to link it
    it anyway.
Warning: 'Uniplate' is out of scope.
    If you qualify the identifier, haddock can try to link it
    it anyway.
 100% ( 16 / 16) in 'Data.Generics.Uniplate.Data.Instances'
 100% ( 19 / 19) in 'Data.Generics.Uniplate'
Warning: 'uniplate' is out of scope.
    If you qualify the identifier, haddock can try to link it
    it anyway.
Warning: 'biplate' is out of scope.
    If you qualify the identifier, haddock can try to link it
    it anyway.
  67% (  6 /  9) in 'Data.Generics.Str'
  Missing documentation for:
    Str (Data/Generics/Str.hs:21)
    strMap (Data/Generics/Str.hs:32)
    strMapM (Data/Generics/Str.hs:42)
  75% ( 24 / 32) in 'Data.Generics.Uniplate.DataOnly'
  Missing documentation for:
    universeBi (Data/Generics/Uniplate/Internal/OperationsInc.hs:189)
    transformBi (Data/Generics/Uniplate/Internal/OperationsInc.hs:212)
    transformBiM (Data/Generics/Uniplate/Internal/OperationsInc.hs:218)
    rewriteBi (Data/Generics/Uniplate/Internal/OperationsInc.hs:223)
    rewriteBiM (Data/Generics/Uniplate/Internal/OperationsInc.hs:228)
    contextsBi (Data/Generics/Uniplate/Internal/OperationsInc.hs:235)
    holesBi (Data/Generics/Uniplate/Internal/OperationsInc.hs:243)
    Transformer (Data/Generics/Uniplate/Internal/Data.hs:338)
  76% ( 22 / 29) in 'Data.Generics.Uniplate.Operations'
  Missing documentation for:
    universeBi (Data/Generics/Uniplate/Internal/OperationsInc.hs:189)
    transformBi (Data/Generics/Uniplate/Internal/OperationsInc.hs:212)
    transformBiM (Data/Generics/Uniplate/Internal/OperationsInc.hs:218)
    rewriteBi (Data/Generics/Uniplate/Internal/OperationsInc.hs:223)
    rewriteBiM (Data/Generics/Uniplate/Internal/OperationsInc.hs:228)
    contextsBi (Data/Generics/Uniplate/Internal/OperationsInc.hs:235)
    holesBi (Data/Generics/Uniplate/Internal/OperationsInc.hs:243)
Warning: 'fromDistictAscList' is out of scope.
    If you qualify the identifier, haddock can try to link it
    it anyway.
 100% ( 11 / 11) in 'Data.Generics.Uniplate.Direct'
  80% (  4 /  5) in 'Data.Generics.Uniplate.Data'
  Missing documentation for:
    Transformer (Data/Generics/Uniplate/Internal/Data.hs:338)
 100% ( 13 / 13) in 'Data.Generics.SYB'
 100% (  8 /  8) in 'Data.Generics.Compos'
 100% ( 10 / 10) in 'Data.Generics.Uniplate.Typeable'
 100% ( 14 / 14) in 'Data.Generics.Uniplate.Zipper'
Warning: 'fold' is out of scope.
    If you qualify the identifier, haddock can try to link it
    it anyway.
  36% (  5 / 14) in 'Data.Generics.UniplateOn'
  Missing documentation for:
    universeOn (Data/Generics/UniplateOn.hs:38)
    transformOn (Data/Generics/UniplateOn.hs:50)
    transformOnM (Data/Generics/UniplateOn.hs:55)
    rewriteOn (Data/Generics/UniplateOn.hs:60)
    rewriteOnM (Data/Generics/UniplateOn.hs:65)
    descendOn (Data/Generics/UniplateOn.hs:70)
    descendOnM (Data/Generics/UniplateOn.hs:75)
    holesOn (Data/Generics/UniplateOn.hs:83)
    contextsOn (Data/Generics/UniplateOn.hs:90)
 100% ( 16 / 16) in 'Data.Generics.UniplateStr'
Warning: 'fold' is out of scope.
    If you qualify the identifier, haddock can try to link it
    it anyway.
  36% (  5 / 14) in 'Data.Generics.UniplateStrOn'
  Missing documentation for:
    universeOn (Data/Generics/UniplateStrOn.hs:42)
    transformOn (Data/Generics/UniplateStrOn.hs:64)
    transformOnM (Data/Generics/UniplateStrOn.hs:69)
    rewriteOn (Data/Generics/UniplateStrOn.hs:74)
    rewriteOnM (Data/Generics/UniplateStrOn.hs:79)
    descendOn (Data/Generics/UniplateStrOn.hs:84)
    descendOnM (Data/Generics/UniplateStrOn.hs:89)
    holesOn (Data/Generics/UniplateStrOn.hs:95)
    contextsOn (Data/Generics/UniplateStrOn.hs:102)
Warning: 'Data' is out of scope.
    If you qualify the identifier, haddock can try to link it
    it anyway.
  29% (  4 / 14) in 'Data.Generics.Biplate'
  Missing documentation for:
    universeBi (Data/Generics/Biplate.hs:53)
    childrenBi (Data/Generics/Biplate.hs:57)
    transformBi (Data/Generics/Biplate.hs:63)
    transformBiM (Data/Generics/Biplate.hs:67)
    rewriteBi (Data/Generics/Biplate.hs:71)
    rewriteBiM (Data/Generics/Biplate.hs:75)
    descendBi (Data/Generics/Biplate.hs:79)
    descendBiM (Data/Generics/Biplate.hs:83)
    contextsBi (Data/Generics/Biplate.hs:89)
    holesBi (Data/Generics/Biplate.hs:93)
 100% ( 10 / 10) in 'Data.Generics.PlateTypeable'
Warning: 'PlayAll' is out of scope.
    If you qualify the identifier, haddock can try to link it
    it anyway.
 100% ( 10 / 10) in 'Data.Generics.PlateDirect'
 100% (  2 /  2) in 'Data.Generics.PlateData'
Warning: Data.Generics.Uniplate.Direct: could not find link destinations for:
    Type
Warning: Data.Generics.Uniplate.Typeable: could not find link destinations for:
    Type
Warning: Data.Generics.PlateTypeable: could not find link destinations for:
    Type
Warning: Data.Generics.PlateDirect: could not find link destinations for:
    Type
Documentation created:
.stack-work/dist/x86_64-osx/Cabal-2.4.0.1/doc/html/uniplate/index.html,
.stack-work/dist/x86_64-osx/Cabal-2.4.0.1/doc/html/uniplate/uniplate.txt
Installing library in /Users/masa/.stack/snapshots/x86_64-osx/lts-13.0/8.6.3/lib/x86_64-osx-ghc-8.6.3/uniplate-1.6.12-8MyF6QWO1TMK6aRUmSdtFd
Registering library for uniplate-1.6.12..
