Configuring utility-ht-0.0.14...
Preprocessing library for utility-ht-0.0.14..
Building library for utility-ht-0.0.14..
[ 1 of 32] Compiling Control.Monad.HT ( src/Control/Monad/HT.hs, .stack-work/dist/x86_64-osx/Cabal-2.4.0.1/build/Control/Monad/HT.o )
[ 2 of 32] Compiling Data.Bits.HT     ( src/Data/Bits/HT.hs, .stack-work/dist/x86_64-osx/Cabal-2.4.0.1/build/Data/Bits/HT.o )
[ 3 of 32] Compiling Data.Bool.HT.Private ( src/Data/Bool/HT/Private.hs, .stack-work/dist/x86_64-osx/Cabal-2.4.0.1/build/Data/Bool/HT/Private.o )
[ 4 of 32] Compiling Data.Bool.HT     ( src/Data/Bool/HT.hs, .stack-work/dist/x86_64-osx/Cabal-2.4.0.1/build/Data/Bool/HT.o )
[ 5 of 32] Compiling Data.Either.HT   ( src/Data/Either/HT.hs, .stack-work/dist/x86_64-osx/Cabal-2.4.0.1/build/Data/Either/HT.o )
[ 6 of 32] Compiling Data.Function.HT.Private ( src/Data/Function/HT/Private.hs, .stack-work/dist/x86_64-osx/Cabal-2.4.0.1/build/Data/Function/HT/Private.o )
[ 7 of 32] Compiling Data.Function.HT ( src/Data/Function/HT.hs, .stack-work/dist/x86_64-osx/Cabal-2.4.0.1/build/Data/Function/HT.o )
[ 8 of 32] Compiling Data.Eq.HT       ( src/Data/Eq/HT.hs, .stack-work/dist/x86_64-osx/Cabal-2.4.0.1/build/Data/Eq/HT.o )
[ 9 of 32] Compiling Data.Ix.Enum     ( src/Data/Ix/Enum.hs, .stack-work/dist/x86_64-osx/Cabal-2.4.0.1/build/Data/Ix/Enum.o )
[10 of 32] Compiling Data.List.Key.Private ( src/Data/List/Key/Private.hs, .stack-work/dist/x86_64-osx/Cabal-2.4.0.1/build/Data/List/Key/Private.o )
[11 of 32] Compiling Data.List.Key    ( src/Data/List/Key.hs, .stack-work/dist/x86_64-osx/Cabal-2.4.0.1/build/Data/List/Key.o )
[12 of 32] Compiling Data.Maybe.HT    ( src/Data/Maybe/HT.hs, .stack-work/dist/x86_64-osx/Cabal-2.4.0.1/build/Data/Maybe/HT.o )
[13 of 32] Compiling Data.Monoid.HT   ( src/Data/Monoid/HT.hs, .stack-work/dist/x86_64-osx/Cabal-2.4.0.1/build/Data/Monoid/HT.o )
[14 of 32] Compiling Data.Ord.HT      ( src/Data/Ord/HT.hs, .stack-work/dist/x86_64-osx/Cabal-2.4.0.1/build/Data/Ord/HT.o )
[15 of 32] Compiling Data.Strictness.HT ( src/Data/Strictness/HT.hs, .stack-work/dist/x86_64-osx/Cabal-2.4.0.1/build/Data/Strictness/HT.o )
[16 of 32] Compiling Data.Tuple.Lazy  ( src/Data/Tuple/Lazy.hs, .stack-work/dist/x86_64-osx/Cabal-2.4.0.1/build/Data/Tuple/Lazy.o )
[17 of 32] Compiling Data.Tuple.HT    ( src/Data/Tuple/HT.hs, .stack-work/dist/x86_64-osx/Cabal-2.4.0.1/build/Data/Tuple/HT.o )
[18 of 32] Compiling Data.List.Reverse.StrictSpine ( src/Data/List/Reverse/StrictSpine.hs, .stack-work/dist/x86_64-osx/Cabal-2.4.0.1/build/Data/List/Reverse/StrictSpine.o )
[19 of 32] Compiling Data.String.HT   ( src/Data/String/HT.hs, .stack-work/dist/x86_64-osx/Cabal-2.4.0.1/build/Data/String/HT.o )
[20 of 32] Compiling Data.List.Reverse.StrictElement ( src/Data/List/Reverse/StrictElement.hs, .stack-work/dist/x86_64-osx/Cabal-2.4.0.1/build/Data/List/Reverse/StrictElement.o )
[21 of 32] Compiling Control.Functor.HT ( src/Control/Functor/HT.hs, .stack-work/dist/x86_64-osx/Cabal-2.4.0.1/build/Control/Functor/HT.o )
[22 of 32] Compiling Data.List.Match.Private ( src/Data/List/Match/Private.hs, .stack-work/dist/x86_64-osx/Cabal-2.4.0.1/build/Data/List/Match/Private.o )
[23 of 32] Compiling Data.List.Match  ( src/Data/List/Match.hs, .stack-work/dist/x86_64-osx/Cabal-2.4.0.1/build/Data/List/Match.o )
[24 of 32] Compiling Data.List.HT.Private ( src/Data/List/HT/Private.hs, .stack-work/dist/x86_64-osx/Cabal-2.4.0.1/build/Data/List/HT/Private.o )
[25 of 32] Compiling Data.List.HT     ( src/Data/List/HT.hs, .stack-work/dist/x86_64-osx/Cabal-2.4.0.1/build/Data/List/HT.o )
[26 of 32] Compiling Data.Record.HT.Private ( src/Data/Record/HT/Private.hs, .stack-work/dist/x86_64-osx/Cabal-2.4.0.1/build/Data/Record/HT/Private.o )
[27 of 32] Compiling Data.Record.HT   ( src/Data/Record/HT.hs, .stack-work/dist/x86_64-osx/Cabal-2.4.0.1/build/Data/Record/HT.o )
[28 of 32] Compiling Control.Applicative.HT ( src/Control/Applicative/HT.hs, .stack-work/dist/x86_64-osx/Cabal-2.4.0.1/build/Control/Applicative/HT.o )
[29 of 32] Compiling Data.Tuple.Strict ( src/Data/Tuple/Strict.hs, .stack-work/dist/x86_64-osx/Cabal-2.4.0.1/build/Data/Tuple/Strict.o )
[30 of 32] Compiling Data.Tuple.Example ( src/Data/Tuple/Example.hs, .stack-work/dist/x86_64-osx/Cabal-2.4.0.1/build/Data/Tuple/Example.o )
[31 of 32] Compiling Text.Read.HT     ( src/Text/Read/HT.hs, .stack-work/dist/x86_64-osx/Cabal-2.4.0.1/build/Text/Read/HT.o )
[32 of 32] Compiling Text.Show.HT     ( src/Text/Show/HT.hs, .stack-work/dist/x86_64-osx/Cabal-2.4.0.1/build/Text/Show/HT.o )
Preprocessing library for utility-ht-0.0.14..
Running Haddock on library for utility-ht-0.0.14..
Haddock coverage:
Warning: 'base' is out of scope.
    If you qualify the identifier, haddock can try to link it
    it anyway.
  33% (  9 / 27) in 'Control.Monad.HT'
  Missing documentation for:
    Module header
    nest (src/Control/Monad/HT.hs:24)
    void (src/Control/Monad/HT.hs:85)
    for (src/Control/Monad/HT.hs:88)
    map (src/Control/Monad/HT.hs:91)
    zipWith (src/Control/Monad/HT.hs:94)
    chain (src/Control/Monad/HT.hs:97)
    filter (src/Control/Monad/HT.hs:101)
    replicate (src/Control/Monad/HT.hs:104)
    lift (src/Control/Monad/HT.hs:107)
    lift2 (src/Control/Monad/HT.hs:110)
    lift3 (src/Control/Monad/HT.hs:114)
    lift4 (src/Control/Monad/HT.hs:118)
    lift5 (src/Control/Monad/HT.hs:123)
    liftJoin2 (src/Control/Monad/HT.hs:138)
    liftJoin3 (src/Control/Monad/HT.hs:142)
    liftJoin4 (src/Control/Monad/HT.hs:146)
    liftJoin5 (src/Control/Monad/HT.hs:153)
  67% (  2 /  3) in 'Data.Bits.HT'
  Missing documentation for:
    Module header
  83% (  5 /  6) in 'Data.Bool.HT'
  Missing documentation for:
    Module header
   0% (  0 /  4) in 'Data.Either.HT'
  Missing documentation for:
    Module header
    mapLeft (src/Data/Either/HT.hs:8)
    mapRight (src/Data/Either/HT.hs:11)
    mapBoth (src/Data/Either/HT.hs:14)
  80% (  4 /  5) in 'Data.Function.HT'
  Missing documentation for:
    Module header
   0% (  0 /  2) in 'Data.Eq.HT'
  Missing documentation for:
    Module header
    equating (src/Data/Eq/HT.hs:6)
Warning: 'Ix' is out of scope.
    If you qualify the identifier, haddock can try to link it
    it anyway.
  14% (  1 /  7) in 'Data.Ix.Enum'
  Missing documentation for:
    range (src/Data/Ix/Enum.hs:27)
    index (src/Data/Ix/Enum.hs:28)
    unsafeIndex (src/Data/Ix/Enum.hs:29)
    inRange (src/Data/Ix/Enum.hs:30)
    rangeSize (src/Data/Ix/Enum.hs:31)
    unsafeRangeSize (src/Data/Ix/Enum.hs:32)
Warning: 'on' is out of scope.
    If you qualify the identifier, haddock can try to link it
    it anyway.
Warning: 'on' is out of scope.
    If you qualify the identifier, haddock can try to link it
    it anyway.
  57% (  4 /  7) in 'Data.List.Key'
  Missing documentation for:
    nub (src/Data/List/Key/Private.hs:69)
    sort (src/Data/List/Key/Private.hs:59)
    merge (src/Data/List/Key/Private.hs:62)
  50% (  2 /  4) in 'Data.Maybe.HT'
  Missing documentation for:
    Module header
    alternatives (src/Data/Maybe/HT.hs:46)
  50% (  2 /  4) in 'Data.Monoid.HT'
  Missing documentation for:
    Module header
    when (src/Data/Monoid/HT.hs:26)
  50% (  2 /  4) in 'Data.Ord.HT'
  Missing documentation for:
    Module header
    comparing (src/Data/Ord/HT.hs:6)
   0% (  0 /  6) in 'Data.Strictness.HT'
  Missing documentation for:
    Module header
    arguments1 (src/Data/Strictness/HT.hs:4)
    arguments2 (src/Data/Strictness/HT.hs:8)
    arguments3 (src/Data/Strictness/HT.hs:12)
    arguments4 (src/Data/Strictness/HT.hs:16)
    arguments5 (src/Data/Strictness/HT.hs:20)
Warning: 'partition' is out of scope.
    If you qualify the identifier, haddock can try to link it
    it anyway.
  33% (  5 / 15) in 'Data.Tuple.Lazy'
  Missing documentation for:
    Module header
    zipWithPair (src/Data/Tuple/Lazy.hs:36)
    swap (src/Data/Tuple/Lazy.hs:41)
    forcePair (src/Data/Tuple/Lazy.hs:45)
    mapTriple (src/Data/Tuple/Lazy.hs:52)
    mapFst3 (src/Data/Tuple/Lazy.hs:56)
    mapSnd3 (src/Data/Tuple/Lazy.hs:60)
    mapThd3 (src/Data/Tuple/Lazy.hs:64)
    zipWithTriple (src/Data/Tuple/Lazy.hs:68)
    uncurry3 (src/Data/Tuple/Lazy.hs:73)
  30% (  6 / 20) in 'Data.Tuple.HT'
  Missing documentation for:
    Module header
    swap (src/Data/Tuple/Lazy.hs:41)
    forcePair (src/Data/Tuple/Lazy.hs:45)
    double (src/Data/Tuple/HT.hs:28)
    fst3 (src/Data/Tuple/HT.hs:36)
    snd3 (src/Data/Tuple/HT.hs:40)
    thd3 (src/Data/Tuple/HT.hs:44)
    mapTriple (src/Data/Tuple/Lazy.hs:52)
    mapFst3 (src/Data/Tuple/Lazy.hs:56)
    mapSnd3 (src/Data/Tuple/Lazy.hs:60)
    mapThd3 (src/Data/Tuple/Lazy.hs:64)
    curry3 (src/Data/Tuple/HT.hs:48)
    uncurry3 (src/Data/Tuple/Lazy.hs:73)
    triple (src/Data/Tuple/HT.hs:32)
 100% (  4 /  4) in 'Data.List.Reverse.StrictSpine'
  50% (  1 /  2) in 'Data.String.HT'
  Missing documentation for:
    Module header
 100% (  4 /  4) in 'Data.List.Reverse.StrictElement'
Warning: 'unzip' is ambiguous. It is defined
    * in ‘GHC.List’
    * at src/Control/Functor/HT.hs:23:1
    You may be able to disambiguate the identifier by qualifying it or
    by hiding some imports.
    Defaulting to 'unzip' defined at src/Control/Functor/HT.hs:23:1
  25% (  3 / 12) in 'Control.Functor.HT'
  Missing documentation for:
    Module header
    void (src/Control/Functor/HT.hs:6)
    map (src/Control/Functor/HT.hs:9)
    for (src/Control/Functor/HT.hs:12)
    mapFst (src/Control/Functor/HT.hs:32)
    mapSnd (src/Control/Functor/HT.hs:35)
    mapFst3 (src/Control/Functor/HT.hs:39)
    mapSnd3 (src/Control/Functor/HT.hs:42)
    mapThd3 (src/Control/Functor/HT.hs:45)
  64% (  7 / 11) in 'Data.List.Match'
  Missing documentation for:
    Module header
    splitAt (src/Data/List/Match/Private.hs:63)
    takeRev (src/Data/List/Match/Private.hs:71)
    dropRev (src/Data/List/Match/Private.hs:74)
Warning: 'b' is out of scope.
    If you qualify the identifier, haddock can try to link it
    it anyway.
Warning: 'a' is out of scope.
    If you qualify the identifier, haddock can try to link it
    it anyway.
  70% ( 46 / 66) in 'Data.List.HT'
  Missing documentation for:
    Module header
    group (src/Data/List/HT/Private.hs:99)
    splitEverywhere (src/Data/List/HT/Private.hs:401)
    dropWhileRev (src/Data/List/HT.hs:74)
    takeWhileRev (src/Data/List/HT.hs:78)
    maybeSuffixOf (src/Data/List/HT/Private.hs:544)
    dropWhileNothing (src/Data/List/HT/Private.hs:585)
    unzipEithers (src/Data/List/HT/Private.hs:620)
    sliceHorizontal (src/Data/List/HT/Private.hs:648)
    sliceVertical (src/Data/List/HT/Private.hs:669)
    search (src/Data/List/HT/Private.hs:692)
    replace (src/Data/List/HT/Private.hs:695)
    multiReplace (src/Data/List/HT/Private.hs:738)
    allEqual (src/Data/List/HT/Private.hs:1030)
    isAscending (src/Data/List/HT/Private.hs:1033)
    isAscendingLazy (src/Data/List/HT/Private.hs:1036)
    padLeft (src/Data/List/HT/Private.hs:1072)
    padRight (src/Data/List/HT/Private.hs:1077)
    lengthAtLeast (src/Data/List/HT/Private.hs:950)
    lengthAtMost (src/Data/List/HT/Private.hs:956)
  67% (  2 /  3) in 'Data.Record.HT'
  Missing documentation for:
    Module header
   0% (  0 / 12) in 'Control.Applicative.HT'
  Missing documentation for:
    Module header
    mapPair (src/Control/Applicative/HT.hs:7)
    mapTriple (src/Control/Applicative/HT.hs:10)
    lift (src/Control/Applicative/HT.hs:16)
    lift2 (src/Control/Applicative/HT.hs:20)
    lift3 (src/Control/Applicative/HT.hs:25)
    lift4 (src/Control/Applicative/HT.hs:30)
    lift5 (src/Control/Applicative/HT.hs:36)
    lift6 (src/Control/Applicative/HT.hs:43)
    liftA4 (src/Control/Applicative/HT.hs:52)
    liftA5 (src/Control/Applicative/HT.hs:59)
    liftA6 (src/Control/Applicative/HT.hs:66)
  14% (  2 / 14) in 'Data.Tuple.Strict'
  Missing documentation for:
    Module header
    mapPair (src/Data/Tuple/Strict.hs:6)
    mapFst (src/Data/Tuple/Strict.hs:10)
    mapSnd (src/Data/Tuple/Strict.hs:14)
    zipWithPair (src/Data/Tuple/Strict.hs:18)
    swap (src/Data/Tuple/Strict.hs:23)
    mapTriple (src/Data/Tuple/Strict.hs:30)
    mapFst3 (src/Data/Tuple/Strict.hs:34)
    mapSnd3 (src/Data/Tuple/Strict.hs:38)
    mapThd3 (src/Data/Tuple/Strict.hs:42)
    zipWithTriple (src/Data/Tuple/Strict.hs:46)
    uncurry3 (src/Data/Tuple/Strict.hs:51)
  40% (  2 /  5) in 'Text.Read.HT'
  Missing documentation for:
    Module header
    readMany (src/Text/Read/HT.hs:22)
    maybeRead (src/Text/Read/HT.hs:29)
  33% (  1 /  3) in 'Text.Show.HT'
  Missing documentation for:
    Module header
    concatS (src/Text/Show/HT.hs:15)
Documentation created:
.stack-work/dist/x86_64-osx/Cabal-2.4.0.1/doc/html/utility-ht/index.html,
.stack-work/dist/x86_64-osx/Cabal-2.4.0.1/doc/html/utility-ht/utility-ht.txt
Installing library in /Users/masa/.stack/snapshots/x86_64-osx/lts-13.0/8.6.3/lib/x86_64-osx-ghc-8.6.3/utility-ht-0.0.14-BWOIGcMmaZCHGwnWSG1Ym4
Registering library for utility-ht-0.0.14..
