Configuring x509-1.7.5...
Preprocessing library for x509-1.7.5..
Building library for x509-1.7.5..
[ 1 of 14] Compiling Data.X509.AlgorithmIdentifier ( Data/X509/AlgorithmIdentifier.hs, .stack-work/dist/x86_64-osx/Cabal-2.4.0.1/build/Data/X509/AlgorithmIdentifier.o )
[ 2 of 14] Compiling Data.X509.Internal ( Data/X509/Internal.hs, .stack-work/dist/x86_64-osx/Cabal-2.4.0.1/build/Data/X509/Internal.o )
[ 3 of 14] Compiling Data.X509.ExtensionRaw ( Data/X509/ExtensionRaw.hs, .stack-work/dist/x86_64-osx/Cabal-2.4.0.1/build/Data/X509/ExtensionRaw.o )

[;1mData/X509/ExtensionRaw.hs:17:1: [;1m[35mwarning:[0m[0m[;1m [[;1m[35m-Wunused-imports[0m[0m[;1m][0m[0m[;1m
    The import of ‘Control.Applicative’ is redundant
      except perhaps to import instances from ‘Control.Applicative’
    To import instances alone, use: import Control.Applicative()[0m[0m
[;1m[34m   |[0m[0m
[;1m[34m17 |[0m[0m [;1m[35mimport Control.Applicative[0m[0m
[;1m[34m   |[0m[0m[;1m[35m ^^^^^^^^^^^^^^^^^^^^^^^^^^[0m[0m
[0m[0m[0m[ 4 of 14] Compiling Data.X509.DistinguishedName ( Data/X509/DistinguishedName.hs, .stack-work/dist/x86_64-osx/Cabal-2.4.0.1/build/Data/X509/DistinguishedName.o )

[;1mData/X509/DistinguishedName.hs:20:1: [;1m[35mwarning:[0m[0m[;1m [[;1m[35m-Wunused-imports[0m[0m[;1m][0m[0m[;1m
    The import of ‘Control.Applicative’ is redundant
      except perhaps to import instances from ‘Control.Applicative’
    To import instances alone, use: import Control.Applicative()[0m[0m
[;1m[34m   |[0m[0m
[;1m[34m20 |[0m[0m [;1m[35mimport Control.Applicative[0m[0m
[;1m[34m   |[0m[0m[;1m[35m ^^^^^^^^^^^^^^^^^^^^^^^^^^[0m[0m
[0m[0m[0m
[;1mData/X509/DistinguishedName.hs:22:1: [;1m[35mwarning:[0m[0m[;1m [[;1m[35m-Wunused-imports[0m[0m[;1m][0m[0m[;1m
    The import of ‘Data.Semigroup’ is redundant
      except perhaps to import instances from ‘Data.Semigroup’
    To import instances alone, use: import Data.Semigroup()[0m[0m
[;1m[34m   |[0m[0m
[;1m[34m22 |[0m[0m [;1m[35mimport           Data.Semigroup[0m[0m
[;1m[34m   |[0m[0m[;1m[35m ^^^^^^^^^^^^^^^^^^^^^^^^^^^^^^^[0m[0m
[0m[0m[0m[ 5 of 14] Compiling Data.X509.Ext    ( Data/X509/Ext.hs, .stack-work/dist/x86_64-osx/Cabal-2.4.0.1/build/Data/X509/Ext.o )

[;1mData/X509/Ext.hs:46:1: [;1m[35mwarning:[0m[0m[;1m [[;1m[35m-Wunused-imports[0m[0m[;1m][0m[0m[;1m
    The import of ‘Control.Applicative’ is redundant
      except perhaps to import instances from ‘Control.Applicative’
    To import instances alone, use: import Control.Applicative()[0m[0m
[;1m[34m   |[0m[0m
[;1m[34m46 |[0m[0m [;1m[35mimport Control.Applicative[0m[0m
[;1m[34m   |[0m[0m[;1m[35m ^^^^^^^^^^^^^^^^^^^^^^^^^^[0m[0m
[0m[0m[0m[ 6 of 14] Compiling Data.X509.CRL    ( Data/X509/CRL.hs, .stack-work/dist/x86_64-osx/Cabal-2.4.0.1/build/Data/X509/CRL.o )

[;1mData/X509/CRL.hs:19:1: [;1m[35mwarning:[0m[0m[;1m [[;1m[35m-Wunused-imports[0m[0m[;1m][0m[0m[;1m
    The import of ‘Control.Applicative’ is redundant
      except perhaps to import instances from ‘Control.Applicative’
    To import instances alone, use: import Control.Applicative()[0m[0m
[;1m[34m   |[0m[0m
[;1m[34m19 |[0m[0m [;1m[35mimport Control.Applicative[0m[0m
[;1m[34m   |[0m[0m[;1m[35m ^^^^^^^^^^^^^^^^^^^^^^^^^^[0m[0m
[0m[0m[0m[ 7 of 14] Compiling Data.X509.OID    ( Data/X509/OID.hs, .stack-work/dist/x86_64-osx/Cabal-2.4.0.1/build/Data/X509/OID.o )

[;1mData/X509/OID.hs:15:1: [;1m[35mwarning:[0m[0m[;1m [[;1m[35m-Wunused-imports[0m[0m[;1m][0m[0m[;1m
    The import of ‘Control.Applicative’ is redundant
      except perhaps to import instances from ‘Control.Applicative’
    To import instances alone, use: import Control.Applicative()[0m[0m
[;1m[34m   |[0m[0m
[;1m[34m15 |[0m[0m [;1m[35mimport Control.Applicative[0m[0m
[;1m[34m   |[0m[0m[;1m[35m ^^^^^^^^^^^^^^^^^^^^^^^^^^[0m[0m
[0m[0m[0m[ 8 of 14] Compiling Data.X509.PublicKey ( Data/X509/PublicKey.hs, .stack-work/dist/x86_64-osx/Cabal-2.4.0.1/build/Data/X509/PublicKey.o )
[ 9 of 14] Compiling Data.X509.PrivateKey ( Data/X509/PrivateKey.hs, .stack-work/dist/x86_64-osx/Cabal-2.4.0.1/build/Data/X509/PrivateKey.o )
[10 of 14] Compiling Data.X509.EC     ( Data/X509/EC.hs, .stack-work/dist/x86_64-osx/Cabal-2.4.0.1/build/Data/X509/EC.o )
[11 of 14] Compiling Data.X509.Cert   ( Data/X509/Cert.hs, .stack-work/dist/x86_64-osx/Cabal-2.4.0.1/build/Data/X509/Cert.o )
[12 of 14] Compiling Data.X509.Signed ( Data/X509/Signed.hs, .stack-work/dist/x86_64-osx/Cabal-2.4.0.1/build/Data/X509/Signed.o )
[13 of 14] Compiling Data.X509.CertificateChain ( Data/X509/CertificateChain.hs, .stack-work/dist/x86_64-osx/Cabal-2.4.0.1/build/Data/X509/CertificateChain.o )
[14 of 14] Compiling Data.X509        ( Data/X509.hs, .stack-work/dist/x86_64-osx/Cabal-2.4.0.1/build/Data/X509.o )
Preprocessing library for x509-1.7.5..
Running Haddock on library for x509-1.7.5..

Data/X509/ExtensionRaw.hs:17:1: warning: [-Wunused-imports]
    The import of ‘Control.Applicative’ is redundant
      except perhaps to import instances from ‘Control.Applicative’
    To import instances alone, use: import Control.Applicative()
   |
17 | import Control.Applicative
   | ^^^^^^^^^^^^^^^^^^^^^^^^^^

Data/X509/DistinguishedName.hs:20:1: warning: [-Wunused-imports]
    The import of ‘Control.Applicative’ is redundant
      except perhaps to import instances from ‘Control.Applicative’
    To import instances alone, use: import Control.Applicative()
   |
20 | import Control.Applicative
   | ^^^^^^^^^^^^^^^^^^^^^^^^^^

Data/X509/DistinguishedName.hs:22:1: warning: [-Wunused-imports]
    The import of ‘Data.Semigroup’ is redundant
      except perhaps to import instances from ‘Data.Semigroup’
    To import instances alone, use: import Data.Semigroup()
   |
22 | import           Data.Semigroup
   | ^^^^^^^^^^^^^^^^^^^^^^^^^^^^^^^

Data/X509/Ext.hs:46:1: warning: [-Wunused-imports]
    The import of ‘Control.Applicative’ is redundant
      except perhaps to import instances from ‘Control.Applicative’
    To import instances alone, use: import Control.Applicative()
   |
46 | import Control.Applicative
   | ^^^^^^^^^^^^^^^^^^^^^^^^^^

Data/X509/CRL.hs:19:1: warning: [-Wunused-imports]
    The import of ‘Control.Applicative’ is redundant
      except perhaps to import instances from ‘Control.Applicative’
    To import instances alone, use: import Control.Applicative()
   |
19 | import Control.Applicative
   | ^^^^^^^^^^^^^^^^^^^^^^^^^^

Data/X509/OID.hs:15:1: warning: [-Wunused-imports]
    The import of ‘Control.Applicative’ is redundant
      except perhaps to import instances from ‘Control.Applicative’
    To import instances alone, use: import Control.Applicative()
   |
15 | import Control.Applicative
   | ^^^^^^^^^^^^^^^^^^^^^^^^^^
Haddock coverage:
 100% (  7 /  7) in 'Data.X509.EC'
  96% ( 67 / 70) in 'Data.X509'
  Missing documentation for:
    ExtNetscapeComment (Data/X509/Ext.hs:341)
    tryExtRawASN1 (Data/X509/ExtensionRaw.hs:31)
    extRawASN1 (Data/X509/ExtensionRaw.hs:37)
Documentation created:
.stack-work/dist/x86_64-osx/Cabal-2.4.0.1/doc/html/x509/index.html,
.stack-work/dist/x86_64-osx/Cabal-2.4.0.1/doc/html/x509/x509.txt
Installing library in /Users/masa/.stack/snapshots/x86_64-osx/lts-13.0/8.6.3/lib/x86_64-osx-ghc-8.6.3/x509-1.7.5-3qESKVJUOF27KNyQex7Zi
Registering library for x509-1.7.5..
